{"/Users/prabhatranjan/.superset/worktrees/sensibledb/shelled-rubidium/sensibledb-explorer/src/frontend/src/App.tsx": {"path":"/Users/prabhatranjan/.superset/worktrees/sensibledb/shelled-rubidium/sensibledb-explorer/src/frontend/src/App.tsx","statementMap":{"0":{"start":{"line":19,"column":19},"end":{"line":31,"column":null}},"1":{"start":{"line":20,"column":2},"end":{"line":30,"column":null}},"2":{"start":{"line":21,"column":18},"end":{"line":21,"column":null}},"3":{"start":{"line":22,"column":4},"end":{"line":22,"column":null}},"4":{"start":{"line":23,"column":18},"end":{"line":23,"column":null}},"5":{"start":{"line":24,"column":4},"end":{"line":24,"column":null}},"6":{"start":{"line":25,"column":19},"end":{"line":25,"column":null}},"7":{"start":{"line":26,"column":4},"end":{"line":26,"column":null}},"8":{"start":{"line":28,"column":19},"end":{"line":28,"column":null}},"9":{"start":{"line":29,"column":4},"end":{"line":29,"column":null}},"10":{"start":{"line":33,"column":6},"end":{"line":172,"column":null}},"11":{"start":{"line":34,"column":2},"end":{"line":52,"column":null}},"12":{"start":{"line":35,"column":4},"end":{"line":44,"column":null}},"13":{"start":{"line":36,"column":18},"end":{"line":36,"column":null}},"14":{"start":{"line":37,"column":6},"end":{"line":37,"column":null}},"15":{"start":{"line":38,"column":6},"end":{"line":42,"column":null}},"16":{"start":{"line":39,"column":24},"end":{"line":39,"column":null}},"17":{"start":{"line":40,"column":8},"end":{"line":40,"column":null}},"18":{"start":{"line":41,"column":8},"end":{"line":41,"column":null}},"19":{"start":{"line":46,"column":4},"end":{"line":51,"column":null}},"20":{"start":{"line":47,"column":6},"end":{"line":50,"column":null}},"21":{"start":{"line":48,"column":26},"end":{"line":48,"column":null}},"22":{"start":{"line":49,"column":8},"end":{"line":49,"column":null}},"23":{"start":{"line":54,"column":2},"end":{"line":88,"column":null}},"24":{"start":{"line":55,"column":20},"end":{"line":84,"column":null}},"25":{"start":{"line":56,"column":6},"end":{"line":56,"column":null}},"26":{"start":{"line":56,"column":91},"end":{"line":56,"column":null}},"27":{"start":{"line":58,"column":6},"end":{"line":83,"column":null}},"28":{"start":{"line":58,"column":25},"end":{"line":58,"column":null}},"29":{"start":{"line":58,"column":45},"end":{"line":83,"column":null}},"30":{"start":{"line":59,"column":30},"end":{"line":59,"column":null}},"31":{"start":{"line":59,"column":51},"end":{"line":83,"column":null}},"32":{"start":{"line":60,"column":30},"end":{"line":60,"column":null}},"33":{"start":{"line":60,"column":50},"end":{"line":83,"column":null}},"34":{"start":{"line":61,"column":30},"end":{"line":61,"column":null}},"35":{"start":{"line":61,"column":52},"end":{"line":83,"column":null}},"36":{"start":{"line":62,"column":30},"end":{"line":62,"column":null}},"37":{"start":{"line":62,"column":51},"end":{"line":83,"column":null}},"38":{"start":{"line":63,"column":30},"end":{"line":63,"column":null}},"39":{"start":{"line":63,"column":51},"end":{"line":83,"column":null}},"40":{"start":{"line":64,"column":30},"end":{"line":64,"column":null}},"41":{"start":{"line":64,"column":52},"end":{"line":83,"column":null}},"42":{"start":{"line":65,"column":30},"end":{"line":65,"column":null}},"43":{"start":{"line":65,"column":56},"end":{"line":83,"column":null}},"44":{"start":{"line":66,"column":30},"end":{"line":66,"column":null}},"45":{"start":{"line":66,"column":52},"end":{"line":83,"column":null}},"46":{"start":{"line":67,"column":30},"end":{"line":67,"column":null}},"47":{"start":{"line":67,"column":52},"end":{"line":83,"column":null}},"48":{"start":{"line":69,"column":8},"end":{"line":70,"column":null}},"49":{"start":{"line":69,"column":28},"end":{"line":69,"column":null}},"50":{"start":{"line":70,"column":13},"end":{"line":70,"column":null}},"51":{"start":{"line":71,"column":6},"end":{"line":83,"column":null}},"52":{"start":{"line":73,"column":8},"end":{"line":73,"column":null}},"53":{"start":{"line":74,"column":8},"end":{"line":74,"column":null}},"54":{"start":{"line":75,"column":6},"end":{"line":83,"column":null}},"55":{"start":{"line":77,"column":8},"end":{"line":77,"column":null}},"56":{"start":{"line":78,"column":8},"end":{"line":78,"column":null}},"57":{"start":{"line":79,"column":6},"end":{"line":83,"column":null}},"58":{"start":{"line":81,"column":8},"end":{"line":81,"column":null}},"59":{"start":{"line":82,"column":8},"end":{"line":82,"column":null}},"60":{"start":{"line":82,"column":24},"end":{"line":82,"column":null}},"61":{"start":{"line":86,"column":4},"end":{"line":86,"column":null}},"62":{"start":{"line":87,"column":4},"end":{"line":87,"column":null}},"63":{"start":{"line":87,"column":17},"end":{"line":87,"column":null}},"64":{"start":{"line":90,"column":2},"end":{"line":169,"column":null}},"65":{"start":{"line":90,"column":2},"end":{"line":90,"column":null}},"66":{"start":{"line":90,"column":2},"end":{"line":109,"column":null}},"67":{"start":{"line":108,"column":20},"end":{"line":108,"column":32}},"68":{"start":{"line":108,"column":32},"end":{"line":108,"column":null}},"69":{"start":{"line":108,"column":32},"end":{"line":109,"column":null}},"70":{"start":{"line":109,"column":46},"end":{"line":109,"column":null}},"71":{"start":{"line":109,"column":46},"end":{"line":118,"column":null}},"72":{"start":{"line":118,"column":16},"end":{"line":121,"column":null}},"73":{"start":{"line":120,"column":20},"end":{"line":120,"column":45}},"74":{"start":{"line":120,"column":45},"end":{"line":121,"column":null}},"75":{"start":{"line":121,"column":35},"end":{"line":121,"column":null}},"76":{"start":{"line":121,"column":45},"end":{"line":124,"column":null}},"77":{"start":{"line":123,"column":20},"end":{"line":123,"column":46}},"78":{"start":{"line":123,"column":46},"end":{"line":124,"column":null}},"79":{"start":{"line":124,"column":35},"end":{"line":124,"column":null}},"80":{"start":{"line":124,"column":46},"end":{"line":127,"column":null}},"81":{"start":{"line":126,"column":20},"end":{"line":126,"column":45}},"82":{"start":{"line":126,"column":45},"end":{"line":127,"column":null}},"83":{"start":{"line":127,"column":35},"end":{"line":127,"column":null}},"84":{"start":{"line":127,"column":45},"end":{"line":130,"column":null}},"85":{"start":{"line":129,"column":20},"end":{"line":129,"column":47}},"86":{"start":{"line":129,"column":47},"end":{"line":130,"column":null}},"87":{"start":{"line":130,"column":35},"end":{"line":130,"column":null}},"88":{"start":{"line":130,"column":47},"end":{"line":133,"column":null}},"89":{"start":{"line":132,"column":20},"end":{"line":132,"column":46}},"90":{"start":{"line":132,"column":46},"end":{"line":133,"column":null}},"91":{"start":{"line":133,"column":35},"end":{"line":133,"column":null}},"92":{"start":{"line":133,"column":45},"end":{"line":136,"column":null}},"93":{"start":{"line":135,"column":20},"end":{"line":135,"column":46}},"94":{"start":{"line":135,"column":46},"end":{"line":136,"column":null}},"95":{"start":{"line":136,"column":35},"end":{"line":136,"column":null}},"96":{"start":{"line":136,"column":45},"end":{"line":139,"column":null}},"97":{"start":{"line":138,"column":20},"end":{"line":138,"column":47}},"98":{"start":{"line":138,"column":47},"end":{"line":139,"column":null}},"99":{"start":{"line":139,"column":35},"end":{"line":139,"column":null}},"100":{"start":{"line":139,"column":50},"end":{"line":142,"column":null}},"101":{"start":{"line":141,"column":20},"end":{"line":141,"column":51}},"102":{"start":{"line":141,"column":51},"end":{"line":142,"column":null}},"103":{"start":{"line":142,"column":35},"end":{"line":142,"column":null}},"104":{"start":{"line":142,"column":53},"end":{"line":145,"column":null}},"105":{"start":{"line":144,"column":20},"end":{"line":144,"column":47}},"106":{"start":{"line":144,"column":47},"end":{"line":145,"column":null}},"107":{"start":{"line":145,"column":35},"end":{"line":145,"column":null}},"108":{"start":{"line":145,"column":50},"end":{"line":148,"column":null}},"109":{"start":{"line":147,"column":20},"end":{"line":147,"column":47}},"110":{"start":{"line":147,"column":47},"end":{"line":148,"column":null}},"111":{"start":{"line":148,"column":35},"end":{"line":148,"column":null}},"112":{"start":{"line":148,"column":50},"end":{"line":152,"column":null}},"113":{"start":{"line":152,"column":26},"end":{"line":162,"column":null}},"114":{"start":{"line":157,"column":18},"end":{"line":157,"column":30}},"115":{"start":{"line":157,"column":30},"end":{"line":162,"column":null}},"116":{"start":{"line":157,"column":30},"end":{"line":157,"column":null}},"117":{"start":{"line":157,"column":30},"end":{"line":158,"column":null}},"118":{"start":{"line":158,"column":46},"end":{"line":158,"column":null}},"119":{"start":{"line":158,"column":46},"end":{"line":160,"column":null}},"120":{"start":{"line":158,"column":46},"end":{"line":160,"column":31}},"121":{"start":{"line":160,"column":31},"end":{"line":160,"column":null}},"122":{"start":{"line":160,"column":31},"end":{"line":162,"column":null}},"123":{"start":{"line":160,"column":31},"end":{"line":162,"column":31}},"124":{"start":{"line":162,"column":31},"end":{"line":162,"column":null}},"125":{"start":{"line":162,"column":31},"end":{"line":164,"column":null}},"126":{"start":{"line":164,"column":18},"end":{"line":164,"column":31}},"127":{"start":{"line":164,"column":31},"end":{"line":164,"column":null}},"128":{"start":{"line":164,"column":31},"end":{"line":169,"column":null}},"129":{"start":{"line":169,"column":17},"end":{"line":169,"column":null}},"130":{"start":{"line":174,"column":19},"end":{"line":174,"column":null}}},"fnMap":{"0":{"name":"(anonymous_0)","decl":{"start":{"line":19,"column":19},"end":{"line":19,"column":26}},"loc":{"start":{"line":19,"column":45},"end":{"line":31,"column":null}},"line":19},"1":{"name":"(anonymous_1)","decl":{"start":{"line":29,"column":27},"end":{"line":29,"column":33}},"loc":{"start":{"line":29,"column":33},"end":{"line":29,"column":35}},"line":29},"2":{"name":"(anonymous_2)","decl":{"start":{"line":33,"column":23},"end":{"line":33,"column":29}},"loc":{"start":{"line":33,"column":29},"end":{"line":172,"column":1}},"line":33},"3":{"name":"(anonymous_3)","decl":{"start":{"line":34,"column":10},"end":{"line":34,"column":22}},"loc":{"start":{"line":34,"column":22},"end":{"line":52,"column":3}},"line":34},"4":{"name":"(anonymous_4)","decl":{"start":{"line":47,"column":17},"end":{"line":47,"column":23}},"loc":{"start":{"line":47,"column":23},"end":{"line":50,"column":9}},"line":47},"5":{"name":"(anonymous_5)","decl":{"start":{"line":54,"column":15},"end":{"line":54,"column":21}},"loc":{"start":{"line":54,"column":21},"end":{"line":88,"column":3}},"line":54},"6":{"name":"(anonymous_6)","decl":{"start":{"line":55,"column":20},"end":{"line":55,"column":21}},"loc":{"start":{"line":55,"column":42},"end":{"line":84,"column":null}},"line":55},"7":{"name":"(anonymous_7)","decl":{"start":{"line":87,"column":11},"end":{"line":87,"column":17}},"loc":{"start":{"line":87,"column":17},"end":{"line":87,"column":null}},"line":87},"8":{"name":"(anonymous_8)","decl":{"start":{"line":90,"column":2},"end":{"line":90,"column":null}},"loc":{"start":{"line":90,"column":2},"end":{"line":169,"column":null}},"line":90},"9":{"name":"(anonymous_9)","decl":{"start":{"line":108,"column":16},"end":{"line":108,"column":20}},"loc":{"start":{"line":108,"column":20},"end":{"line":108,"column":null}},"line":108},"10":{"name":"(anonymous_10)","decl":{"start":{"line":108,"column":32},"end":{"line":108,"column":null}},"loc":{"start":{"line":108,"column":32},"end":{"line":109,"column":null}},"line":108},"11":{"name":"(anonymous_11)","decl":{"start":{"line":120,"column":16},"end":{"line":120,"column":20}},"loc":{"start":{"line":120,"column":20},"end":{"line":120,"column":null}},"line":120},"12":{"name":"(anonymous_12)","decl":{"start":{"line":120,"column":45},"end":{"line":120,"column":null}},"loc":{"start":{"line":120,"column":45},"end":{"line":121,"column":null}},"line":120},"13":{"name":"(anonymous_13)","decl":{"start":{"line":121,"column":35},"end":{"line":121,"column":37}},"loc":{"start":{"line":121,"column":35},"end":{"line":121,"column":null}},"line":121},"14":{"name":"(anonymous_14)","decl":{"start":{"line":123,"column":16},"end":{"line":123,"column":20}},"loc":{"start":{"line":123,"column":20},"end":{"line":123,"column":null}},"line":123},"15":{"name":"(anonymous_15)","decl":{"start":{"line":123,"column":46},"end":{"line":123,"column":null}},"loc":{"start":{"line":123,"column":46},"end":{"line":124,"column":null}},"line":123},"16":{"name":"(anonymous_16)","decl":{"start":{"line":124,"column":35},"end":{"line":124,"column":37}},"loc":{"start":{"line":124,"column":35},"end":{"line":124,"column":null}},"line":124},"17":{"name":"(anonymous_17)","decl":{"start":{"line":126,"column":16},"end":{"line":126,"column":20}},"loc":{"start":{"line":126,"column":20},"end":{"line":126,"column":null}},"line":126},"18":{"name":"(anonymous_18)","decl":{"start":{"line":126,"column":45},"end":{"line":126,"column":null}},"loc":{"start":{"line":126,"column":45},"end":{"line":127,"column":null}},"line":126},"19":{"name":"(anonymous_19)","decl":{"start":{"line":127,"column":35},"end":{"line":127,"column":37}},"loc":{"start":{"line":127,"column":35},"end":{"line":127,"column":null}},"line":127},"20":{"name":"(anonymous_20)","decl":{"start":{"line":129,"column":16},"end":{"line":129,"column":20}},"loc":{"start":{"line":129,"column":20},"end":{"line":129,"column":null}},"line":129},"21":{"name":"(anonymous_21)","decl":{"start":{"line":129,"column":47},"end":{"line":129,"column":null}},"loc":{"start":{"line":129,"column":47},"end":{"line":130,"column":null}},"line":129},"22":{"name":"(anonymous_22)","decl":{"start":{"line":130,"column":35},"end":{"line":130,"column":37}},"loc":{"start":{"line":130,"column":35},"end":{"line":130,"column":null}},"line":130},"23":{"name":"(anonymous_23)","decl":{"start":{"line":132,"column":16},"end":{"line":132,"column":20}},"loc":{"start":{"line":132,"column":20},"end":{"line":132,"column":null}},"line":132},"24":{"name":"(anonymous_24)","decl":{"start":{"line":132,"column":46},"end":{"line":132,"column":null}},"loc":{"start":{"line":132,"column":46},"end":{"line":133,"column":null}},"line":132},"25":{"name":"(anonymous_25)","decl":{"start":{"line":133,"column":35},"end":{"line":133,"column":37}},"loc":{"start":{"line":133,"column":35},"end":{"line":133,"column":null}},"line":133},"26":{"name":"(anonymous_26)","decl":{"start":{"line":135,"column":16},"end":{"line":135,"column":20}},"loc":{"start":{"line":135,"column":20},"end":{"line":135,"column":null}},"line":135},"27":{"name":"(anonymous_27)","decl":{"start":{"line":135,"column":46},"end":{"line":135,"column":null}},"loc":{"start":{"line":135,"column":46},"end":{"line":136,"column":null}},"line":135},"28":{"name":"(anonymous_28)","decl":{"start":{"line":136,"column":35},"end":{"line":136,"column":37}},"loc":{"start":{"line":136,"column":35},"end":{"line":136,"column":null}},"line":136},"29":{"name":"(anonymous_29)","decl":{"start":{"line":138,"column":16},"end":{"line":138,"column":20}},"loc":{"start":{"line":138,"column":20},"end":{"line":138,"column":null}},"line":138},"30":{"name":"(anonymous_30)","decl":{"start":{"line":138,"column":47},"end":{"line":138,"column":null}},"loc":{"start":{"line":138,"column":47},"end":{"line":139,"column":null}},"line":138},"31":{"name":"(anonymous_31)","decl":{"start":{"line":139,"column":35},"end":{"line":139,"column":37}},"loc":{"start":{"line":139,"column":35},"end":{"line":139,"column":null}},"line":139},"32":{"name":"(anonymous_32)","decl":{"start":{"line":141,"column":16},"end":{"line":141,"column":20}},"loc":{"start":{"line":141,"column":20},"end":{"line":141,"column":null}},"line":141},"33":{"name":"(anonymous_33)","decl":{"start":{"line":141,"column":51},"end":{"line":141,"column":null}},"loc":{"start":{"line":141,"column":51},"end":{"line":142,"column":null}},"line":141},"34":{"name":"(anonymous_34)","decl":{"start":{"line":142,"column":35},"end":{"line":142,"column":37}},"loc":{"start":{"line":142,"column":35},"end":{"line":142,"column":null}},"line":142},"35":{"name":"(anonymous_35)","decl":{"start":{"line":144,"column":16},"end":{"line":144,"column":20}},"loc":{"start":{"line":144,"column":20},"end":{"line":144,"column":null}},"line":144},"36":{"name":"(anonymous_36)","decl":{"start":{"line":144,"column":47},"end":{"line":144,"column":null}},"loc":{"start":{"line":144,"column":47},"end":{"line":145,"column":null}},"line":144},"37":{"name":"(anonymous_37)","decl":{"start":{"line":145,"column":35},"end":{"line":145,"column":37}},"loc":{"start":{"line":145,"column":35},"end":{"line":145,"column":null}},"line":145},"38":{"name":"(anonymous_38)","decl":{"start":{"line":147,"column":16},"end":{"line":147,"column":20}},"loc":{"start":{"line":147,"column":20},"end":{"line":147,"column":null}},"line":147},"39":{"name":"(anonymous_39)","decl":{"start":{"line":147,"column":47},"end":{"line":147,"column":null}},"loc":{"start":{"line":147,"column":47},"end":{"line":148,"column":null}},"line":147},"40":{"name":"(anonymous_40)","decl":{"start":{"line":148,"column":35},"end":{"line":148,"column":37}},"loc":{"start":{"line":148,"column":35},"end":{"line":148,"column":null}},"line":148},"41":{"name":"(anonymous_41)","decl":{"start":{"line":157,"column":14},"end":{"line":157,"column":18}},"loc":{"start":{"line":157,"column":18},"end":{"line":157,"column":null}},"line":157},"42":{"name":"(anonymous_42)","decl":{"start":{"line":157,"column":30},"end":{"line":157,"column":null}},"loc":{"start":{"line":157,"column":30},"end":{"line":162,"column":null}},"line":157},"43":{"name":"(anonymous_43)","decl":{"start":{"line":158,"column":46},"end":{"line":158,"column":null}},"loc":{"start":{"line":158,"column":46},"end":{"line":160,"column":null}},"line":158},"44":{"name":"(anonymous_44)","decl":{"start":{"line":160,"column":31},"end":{"line":160,"column":null}},"loc":{"start":{"line":160,"column":31},"end":{"line":162,"column":null}},"line":160},"45":{"name":"(anonymous_45)","decl":{"start":{"line":164,"column":14},"end":{"line":164,"column":18}},"loc":{"start":{"line":164,"column":18},"end":{"line":164,"column":null}},"line":164},"46":{"name":"(anonymous_46)","decl":{"start":{"line":164,"column":31},"end":{"line":164,"column":null}},"loc":{"start":{"line":164,"column":31},"end":{"line":164,"column":null}},"line":164}},"branchMap":{"0":{"loc":{"start":{"line":38,"column":6},"end":{"line":42,"column":null}},"type":"if","locations":[{"start":{"line":38,"column":6},"end":{"line":42,"column":null}},{"start":{},"end":{}}],"line":38},"1":{"loc":{"start":{"line":46,"column":4},"end":{"line":51,"column":null}},"type":"if","locations":[{"start":{"line":46,"column":4},"end":{"line":51,"column":null}},{"start":{},"end":{}}],"line":46},"2":{"loc":{"start":{"line":56,"column":6},"end":{"line":56,"column":null}},"type":"if","locations":[{"start":{"line":56,"column":6},"end":{"line":56,"column":null}},{"start":{},"end":{}}],"line":56},"3":{"loc":{"start":{"line":56,"column":10},"end":{"line":56,"column":91}},"type":"binary-expr","locations":[{"start":{"line":56,"column":10},"end":{"line":56,"column":50}},{"start":{"line":56,"column":50},"end":{"line":56,"column":91}}],"line":56},"4":{"loc":{"start":{"line":58,"column":6},"end":{"line":83,"column":null}},"type":"if","locations":[{"start":{"line":58,"column":6},"end":{"line":83,"column":null}},{"start":{"line":58,"column":45},"end":{"line":83,"column":null}}],"line":58},"5":{"loc":{"start":{"line":58,"column":45},"end":{"line":83,"column":null}},"type":"if","locations":[{"start":{"line":58,"column":45},"end":{"line":83,"column":null}},{"start":{"line":59,"column":51},"end":{"line":83,"column":null}}],"line":58},"6":{"loc":{"start":{"line":59,"column":51},"end":{"line":83,"column":null}},"type":"if","locations":[{"start":{"line":59,"column":51},"end":{"line":83,"column":null}},{"start":{"line":60,"column":50},"end":{"line":83,"column":null}}],"line":59},"7":{"loc":{"start":{"line":60,"column":50},"end":{"line":83,"column":null}},"type":"if","locations":[{"start":{"line":60,"column":50},"end":{"line":83,"column":null}},{"start":{"line":61,"column":52},"end":{"line":83,"column":null}}],"line":60},"8":{"loc":{"start":{"line":61,"column":52},"end":{"line":83,"column":null}},"type":"if","locations":[{"start":{"line":61,"column":52},"end":{"line":83,"column":null}},{"start":{"line":62,"column":51},"end":{"line":83,"column":null}}],"line":61},"9":{"loc":{"start":{"line":62,"column":51},"end":{"line":83,"column":null}},"type":"if","locations":[{"start":{"line":62,"column":51},"end":{"line":83,"column":null}},{"start":{"line":63,"column":51},"end":{"line":83,"column":null}}],"line":62},"10":{"loc":{"start":{"line":63,"column":51},"end":{"line":83,"column":null}},"type":"if","locations":[{"start":{"line":63,"column":51},"end":{"line":83,"column":null}},{"start":{"line":64,"column":52},"end":{"line":83,"column":null}}],"line":63},"11":{"loc":{"start":{"line":64,"column":52},"end":{"line":83,"column":null}},"type":"if","locations":[{"start":{"line":64,"column":52},"end":{"line":83,"column":null}},{"start":{"line":65,"column":56},"end":{"line":83,"column":null}}],"line":64},"12":{"loc":{"start":{"line":65,"column":56},"end":{"line":83,"column":null}},"type":"if","locations":[{"start":{"line":65,"column":56},"end":{"line":83,"column":null}},{"start":{"line":66,"column":52},"end":{"line":83,"column":null}}],"line":65},"13":{"loc":{"start":{"line":66,"column":52},"end":{"line":83,"column":null}},"type":"if","locations":[{"start":{"line":66,"column":52},"end":{"line":83,"column":null}},{"start":{"line":67,"column":52},"end":{"line":83,"column":null}}],"line":66},"14":{"loc":{"start":{"line":67,"column":52},"end":{"line":83,"column":null}},"type":"if","locations":[{"start":{"line":67,"column":52},"end":{"line":83,"column":null}},{"start":{"line":71,"column":6},"end":{"line":83,"column":null}}],"line":67},"15":{"loc":{"start":{"line":69,"column":8},"end":{"line":70,"column":null}},"type":"if","locations":[{"start":{"line":69,"column":8},"end":{"line":70,"column":null}},{"start":{"line":70,"column":13},"end":{"line":70,"column":null}}],"line":69},"16":{"loc":{"start":{"line":71,"column":6},"end":{"line":83,"column":null}},"type":"if","locations":[{"start":{"line":71,"column":6},"end":{"line":83,"column":null}},{"start":{"line":75,"column":6},"end":{"line":83,"column":null}}],"line":71},"17":{"loc":{"start":{"line":72,"column":15},"end":{"line":72,"column":62}},"type":"binary-expr","locations":[{"start":{"line":72,"column":15},"end":{"line":72,"column":33}},{"start":{"line":72,"column":33},"end":{"line":72,"column":46}},{"start":{"line":72,"column":46},"end":{"line":72,"column":62}}],"line":72},"18":{"loc":{"start":{"line":75,"column":6},"end":{"line":83,"column":null}},"type":"if","locations":[{"start":{"line":75,"column":6},"end":{"line":83,"column":null}},{"start":{"line":79,"column":6},"end":{"line":83,"column":null}}],"line":75},"19":{"loc":{"start":{"line":76,"column":15},"end":{"line":76,"column":43}},"type":"binary-expr","locations":[{"start":{"line":76,"column":15},"end":{"line":76,"column":28}},{"start":{"line":76,"column":28},"end":{"line":76,"column":43}}],"line":76},"20":{"loc":{"start":{"line":79,"column":6},"end":{"line":83,"column":null}},"type":"if","locations":[{"start":{"line":79,"column":6},"end":{"line":83,"column":null}},{"start":{},"end":{}}],"line":79},"21":{"loc":{"start":{"line":80,"column":15},"end":{"line":80,"column":43}},"type":"binary-expr","locations":[{"start":{"line":80,"column":15},"end":{"line":80,"column":28}},{"start":{"line":80,"column":28},"end":{"line":80,"column":43}}],"line":80},"22":{"loc":{"start":{"line":82,"column":8},"end":{"line":82,"column":null}},"type":"if","locations":[{"start":{"line":82,"column":8},"end":{"line":82,"column":null}},{"start":{},"end":{}}],"line":82},"23":{"loc":{"start":{"line":174,"column":19},"end":{"line":174,"column":null}},"type":"if","locations":[{"start":{"line":174,"column":19},"end":{"line":174,"column":null}},{"start":{},"end":{}}],"line":174}},"s":{"0":0,"1":0,"2":0,"3":0,"4":0,"5":0,"6":0,"7":0,"8":0,"9":0,"10":0,"11":0,"12":0,"13":0,"14":0,"15":0,"16":0,"17":0,"18":0,"19":0,"20":0,"21":0,"22":0,"23":0,"24":0,"25":0,"26":0,"27":0,"28":0,"29":0,"30":0,"31":0,"32":0,"33":0,"34":0,"35":0,"36":0,"37":0,"38":0,"39":0,"40":0,"41":0,"42":0,"43":0,"44":0,"45":0,"46":0,"47":0,"48":0,"49":0,"50":0,"51":0,"52":0,"53":0,"54":0,"55":0,"56":0,"57":0,"58":0,"59":0,"60":0,"61":0,"62":0,"63":0,"64":0,"65":0,"66":0,"67":0,"68":0,"69":0,"70":0,"71":0,"72":0,"73":0,"74":0,"75":0,"76":0,"77":0,"78":0,"79":0,"80":0,"81":0,"82":0,"83":0,"84":0,"85":0,"86":0,"87":0,"88":0,"89":0,"90":0,"91":0,"92":0,"93":0,"94":0,"95":0,"96":0,"97":0,"98":0,"99":0,"100":0,"101":0,"102":0,"103":0,"104":0,"105":0,"106":0,"107":0,"108":0,"109":0,"110":0,"111":0,"112":0,"113":0,"114":0,"115":0,"116":0,"117":0,"118":0,"119":0,"120":0,"121":0,"122":0,"123":0,"124":0,"125":0,"126":0,"127":0,"128":0,"129":0,"130":0},"f":{"0":0,"1":0,"2":0,"3":0,"4":0,"5":0,"6":0,"7":0,"8":0,"9":0,"10":0,"11":0,"12":0,"13":0,"14":0,"15":0,"16":0,"17":0,"18":0,"19":0,"20":0,"21":0,"22":0,"23":0,"24":0,"25":0,"26":0,"27":0,"28":0,"29":0,"30":0,"31":0,"32":0,"33":0,"34":0,"35":0,"36":0,"37":0,"38":0,"39":0,"40":0,"41":0,"42":0,"43":0,"44":0,"45":0,"46":0},"b":{"0":[0,0],"1":[0,0],"2":[0,0],"3":[0,0],"4":[0,0],"5":[0,0],"6":[0,0],"7":[0,0],"8":[0,0],"9":[0,0],"10":[0,0],"11":[0,0],"12":[0,0],"13":[0,0],"14":[0,0],"15":[0,0],"16":[0,0],"17":[0,0,0],"18":[0,0],"19":[0,0],"20":[0,0],"21":[0,0],"22":[0,0],"23":[0,0]},"meta":{"lastBranch":24,"lastFunction":47,"lastStatement":131,"seen":{"s:19:19:31:Infinity":0,"f:19:19:19:26":0,"s:20:2:30:Infinity":1,"s:21:18:21:Infinity":2,"s:22:4:22:Infinity":3,"s:23:18:23:Infinity":4,"s:24:4:24:Infinity":5,"s:25:19:25:Infinity":6,"s:26:4:26:Infinity":7,"s:28:19:28:Infinity":8,"s:29:4:29:Infinity":9,"f:29:27:29:33":1,"s:33:6:172:Infinity":10,"f:33:23:33:29":2,"s:34:2:52:Infinity":11,"f:34:10:34:22":3,"s:35:4:44:Infinity":12,"s:36:18:36:Infinity":13,"s:37:6:37:Infinity":14,"b:38:6:42:Infinity:undefined:undefined:undefined:undefined":0,"s:38:6:42:Infinity":15,"s:39:24:39:Infinity":16,"s:40:8:40:Infinity":17,"s:41:8:41:Infinity":18,"b:46:4:51:Infinity:undefined:undefined:undefined:undefined":1,"s:46:4:51:Infinity":19,"s:47:6:50:Infinity":20,"f:47:17:47:23":4,"s:48:26:48:Infinity":21,"s:49:8:49:Infinity":22,"s:54:2:88:Infinity":23,"f:54:15:54:21":5,"s:55:20:84:Infinity":24,"f:55:20:55:21":6,"b:56:6:56:Infinity:undefined:undefined:undefined:undefined":2,"s:56:6:56:Infinity":25,"b:56:10:56:50:56:50:56:91":3,"s:56:91:56:Infinity":26,"b:58:6:83:Infinity:58:45:83:Infinity":4,"s:58:6:83:Infinity":27,"s:58:25:58:Infinity":28,"b:58:45:83:Infinity:59:51:83:Infinity":5,"s:58:45:83:Infinity":29,"s:59:30:59:Infinity":30,"b:59:51:83:Infinity:60:50:83:Infinity":6,"s:59:51:83:Infinity":31,"s:60:30:60:Infinity":32,"b:60:50:83:Infinity:61:52:83:Infinity":7,"s:60:50:83:Infinity":33,"s:61:30:61:Infinity":34,"b:61:52:83:Infinity:62:51:83:Infinity":8,"s:61:52:83:Infinity":35,"s:62:30:62:Infinity":36,"b:62:51:83:Infinity:63:51:83:Infinity":9,"s:62:51:83:Infinity":37,"s:63:30:63:Infinity":38,"b:63:51:83:Infinity:64:52:83:Infinity":10,"s:63:51:83:Infinity":39,"s:64:30:64:Infinity":40,"b:64:52:83:Infinity:65:56:83:Infinity":11,"s:64:52:83:Infinity":41,"s:65:30:65:Infinity":42,"b:65:56:83:Infinity:66:52:83:Infinity":12,"s:65:56:83:Infinity":43,"s:66:30:66:Infinity":44,"b:66:52:83:Infinity:67:52:83:Infinity":13,"s:66:52:83:Infinity":45,"s:67:30:67:Infinity":46,"b:67:52:83:Infinity:71:6:83:Infinity":14,"s:67:52:83:Infinity":47,"b:69:8:70:Infinity:70:13:70:Infinity":15,"s:69:8:70:Infinity":48,"s:69:28:69:Infinity":49,"s:70:13:70:Infinity":50,"b:71:6:83:Infinity:75:6:83:Infinity":16,"s:71:6:83:Infinity":51,"b:72:15:72:33:72:33:72:46:72:46:72:62":17,"s:73:8:73:Infinity":52,"s:74:8:74:Infinity":53,"b:75:6:83:Infinity:79:6:83:Infinity":18,"s:75:6:83:Infinity":54,"b:76:15:76:28:76:28:76:43":19,"s:77:8:77:Infinity":55,"s:78:8:78:Infinity":56,"b:79:6:83:Infinity:undefined:undefined:undefined:undefined":20,"s:79:6:83:Infinity":57,"b:80:15:80:28:80:28:80:43":21,"s:81:8:81:Infinity":58,"b:82:8:82:Infinity:undefined:undefined:undefined:undefined":22,"s:82:8:82:Infinity":59,"s:82:24:82:Infinity":60,"s:86:4:86:Infinity":61,"s:87:4:87:Infinity":62,"f:87:11:87:17":7,"s:87:17:87:Infinity":63,"s:90:2:169:Infinity":64,"f:90:2:90:Infinity":8,"s:90:2:90:Infinity":65,"s:90:2:109:Infinity":66,"f:108:16:108:20":9,"s:108:20:108:32":67,"f:108:32:108:Infinity":10,"s:108:32:108:Infinity":68,"s:108:32:109:Infinity":69,"s:109:46:109:Infinity":70,"s:109:46:118:Infinity":71,"s:118:16:121:Infinity":72,"f:120:16:120:20":11,"s:120:20:120:45":73,"f:120:45:120:Infinity":12,"s:120:45:121:Infinity":74,"f:121:35:121:37":13,"s:121:35:121:Infinity":75,"s:121:45:124:Infinity":76,"f:123:16:123:20":14,"s:123:20:123:46":77,"f:123:46:123:Infinity":15,"s:123:46:124:Infinity":78,"f:124:35:124:37":16,"s:124:35:124:Infinity":79,"s:124:46:127:Infinity":80,"f:126:16:126:20":17,"s:126:20:126:45":81,"f:126:45:126:Infinity":18,"s:126:45:127:Infinity":82,"f:127:35:127:37":19,"s:127:35:127:Infinity":83,"s:127:45:130:Infinity":84,"f:129:16:129:20":20,"s:129:20:129:47":85,"f:129:47:129:Infinity":21,"s:129:47:130:Infinity":86,"f:130:35:130:37":22,"s:130:35:130:Infinity":87,"s:130:47:133:Infinity":88,"f:132:16:132:20":23,"s:132:20:132:46":89,"f:132:46:132:Infinity":24,"s:132:46:133:Infinity":90,"f:133:35:133:37":25,"s:133:35:133:Infinity":91,"s:133:45:136:Infinity":92,"f:135:16:135:20":26,"s:135:20:135:46":93,"f:135:46:135:Infinity":27,"s:135:46:136:Infinity":94,"f:136:35:136:37":28,"s:136:35:136:Infinity":95,"s:136:45:139:Infinity":96,"f:138:16:138:20":29,"s:138:20:138:47":97,"f:138:47:138:Infinity":30,"s:138:47:139:Infinity":98,"f:139:35:139:37":31,"s:139:35:139:Infinity":99,"s:139:50:142:Infinity":100,"f:141:16:141:20":32,"s:141:20:141:51":101,"f:141:51:141:Infinity":33,"s:141:51:142:Infinity":102,"f:142:35:142:37":34,"s:142:35:142:Infinity":103,"s:142:53:145:Infinity":104,"f:144:16:144:20":35,"s:144:20:144:47":105,"f:144:47:144:Infinity":36,"s:144:47:145:Infinity":106,"f:145:35:145:37":37,"s:145:35:145:Infinity":107,"s:145:50:148:Infinity":108,"f:147:16:147:20":38,"s:147:20:147:47":109,"f:147:47:147:Infinity":39,"s:147:47:148:Infinity":110,"f:148:35:148:37":40,"s:148:35:148:Infinity":111,"s:148:50:152:Infinity":112,"s:152:26:162:Infinity":113,"f:157:14:157:18":41,"s:157:18:157:30":114,"f:157:30:157:Infinity":42,"s:157:30:162:Infinity":115,"s:157:30:157:Infinity":116,"s:157:30:158:Infinity":117,"s:158:46:158:Infinity":118,"f:158:46:158:Infinity":43,"s:158:46:160:Infinity":119,"s:158:46:160:31":120,"s:160:31:160:Infinity":121,"f:160:31:160:Infinity":44,"s:160:31:162:Infinity":122,"s:160:31:162:31":123,"s:162:31:162:Infinity":124,"s:162:31:164:Infinity":125,"f:164:14:164:18":45,"s:164:18:164:31":126,"f:164:31:164:Infinity":46,"s:164:31:164:Infinity":127,"s:164:31:169:Infinity":128,"s:169:17:169:Infinity":129,"b:174:19:174:Infinity:undefined:undefined:undefined:undefined":23,"s:174:19:174:Infinity":130}}}
,"/Users/prabhatranjan/.superset/worktrees/sensibledb/shelled-rubidium/sensibledb-explorer/src/frontend/src/types.ts": {"path":"/Users/prabhatranjan/.superset/worktrees/sensibledb/shelled-rubidium/sensibledb-explorer/src/frontend/src/types.ts","statementMap":{},"fnMap":{},"branchMap":{},"s":{},"f":{},"b":{},"meta":{"lastBranch":0,"lastFunction":0,"lastStatement":0,"seen":{}}}
,"/Users/prabhatranjan/.superset/worktrees/sensibledb/shelled-rubidium/sensibledb-explorer/src/frontend/src/components/chat/ChatView.tsx": {"path":"/Users/prabhatranjan/.superset/worktrees/sensibledb/shelled-rubidium/sensibledb-explorer/src/frontend/src/components/chat/ChatView.tsx","statementMap":{"0":{"start":{"line":27,"column":27},"end":{"line":31,"column":null}},"1":{"start":{"line":35,"column":2},"end":{"line":35,"column":null}},"2":{"start":{"line":39,"column":16},"end":{"line":39,"column":null}},"3":{"start":{"line":40,"column":2},"end":{"line":40,"column":null}},"4":{"start":{"line":40,"column":19},"end":{"line":40,"column":null}},"5":{"start":{"line":41,"column":19},"end":{"line":41,"column":null}},"6":{"start":{"line":42,"column":2},"end":{"line":47,"column":null}},"7":{"start":{"line":43,"column":22},"end":{"line":43,"column":null}},"8":{"start":{"line":44,"column":4},"end":{"line":46,"column":null}},"9":{"start":{"line":45,"column":6},"end":{"line":45,"column":null}},"10":{"start":{"line":48,"column":2},"end":{"line":48,"column":null}},"11":{"start":{"line":52,"column":16},"end":{"line":52,"column":null}},"12":{"start":{"line":53,"column":2},"end":{"line":53,"column":null}},"13":{"start":{"line":53,"column":19},"end":{"line":53,"column":null}},"14":{"start":{"line":54,"column":26},"end":{"line":54,"column":null}},"15":{"start":{"line":55,"column":2},"end":{"line":61,"column":null}},"16":{"start":{"line":56,"column":22},"end":{"line":56,"column":null}},"17":{"start":{"line":57,"column":4},"end":{"line":60,"column":null}},"18":{"start":{"line":58,"column":6},"end":{"line":58,"column":null}},"19":{"start":{"line":59,"column":6},"end":{"line":59,"column":null}},"20":{"start":{"line":59,"column":30},"end":{"line":59,"column":null}},"21":{"start":{"line":62,"column":2},"end":{"line":62,"column":null}},"22":{"start":{"line":66,"column":16},"end":{"line":66,"column":null}},"23":{"start":{"line":68,"column":2},"end":{"line":70,"column":null}},"24":{"start":{"line":69,"column":4},"end":{"line":69,"column":null}},"25":{"start":{"line":72,"column":2},"end":{"line":74,"column":null}},"26":{"start":{"line":73,"column":4},"end":{"line":73,"column":null}},"27":{"start":{"line":76,"column":2},"end":{"line":78,"column":null}},"28":{"start":{"line":77,"column":4},"end":{"line":77,"column":null}},"29":{"start":{"line":80,"column":2},"end":{"line":82,"column":null}},"30":{"start":{"line":81,"column":4},"end":{"line":81,"column":null}},"31":{"start":{"line":84,"column":19},"end":{"line":84,"column":null}},"32":{"start":{"line":85,"column":2},"end":{"line":89,"column":null}},"33":{"start":{"line":86,"column":4},"end":{"line":88,"column":null}},"34":{"start":{"line":87,"column":6},"end":{"line":87,"column":null}},"35":{"start":{"line":91,"column":21},"end":{"line":91,"column":null}},"36":{"start":{"line":93,"column":2},"end":{"line":96,"column":null}},"37":{"start":{"line":94,"column":20},"end":{"line":94,"column":null}},"38":{"start":{"line":95,"column":4},"end":{"line":95,"column":null}},"39":{"start":{"line":98,"column":2},"end":{"line":102,"column":null}},"40":{"start":{"line":99,"column":17},"end":{"line":99,"column":null}},"41":{"start":{"line":100,"column":23},"end":{"line":100,"column":null}},"42":{"start":{"line":101,"column":4},"end":{"line":101,"column":null}},"43":{"start":{"line":104,"column":2},"end":{"line":109,"column":null}},"44":{"start":{"line":105,"column":4},"end":{"line":107,"column":null}},"45":{"start":{"line":106,"column":6},"end":{"line":106,"column":null}},"46":{"start":{"line":108,"column":4},"end":{"line":108,"column":null}},"47":{"start":{"line":111,"column":2},"end":{"line":116,"column":null}},"48":{"start":{"line":112,"column":4},"end":{"line":114,"column":null}},"49":{"start":{"line":113,"column":6},"end":{"line":113,"column":null}},"50":{"start":{"line":115,"column":4},"end":{"line":115,"column":null}},"51":{"start":{"line":118,"column":2},"end":{"line":122,"column":null}},"52":{"start":{"line":119,"column":4},"end":{"line":121,"column":null}},"53":{"start":{"line":120,"column":6},"end":{"line":120,"column":null}},"54":{"start":{"line":124,"column":2},"end":{"line":124,"column":null}},"55":{"start":{"line":132,"column":2},"end":{"line":151,"column":null}},"56":{"start":{"line":133,"column":19},"end":{"line":141,"column":null}},"57":{"start":{"line":143,"column":4},"end":{"line":147,"column":null}},"58":{"start":{"line":149,"column":4},"end":{"line":149,"column":null}},"59":{"start":{"line":150,"column":4},"end":{"line":150,"column":null}},"60":{"start":{"line":155,"column":16},"end":{"line":155,"column":null}},"61":{"start":{"line":156,"column":20},"end":{"line":156,"column":null}},"62":{"start":{"line":158,"column":2},"end":{"line":176,"column":null}},"63":{"start":{"line":159,"column":47},"end":{"line":159,"column":null}},"64":{"start":{"line":160,"column":4},"end":{"line":164,"column":null}},"65":{"start":{"line":161,"column":20},"end":{"line":161,"column":null}},"66":{"start":{"line":162,"column":19},"end":{"line":162,"column":null}},"67":{"start":{"line":163,"column":6},"end":{"line":163,"column":null}},"68":{"start":{"line":166,"column":27},"end":{"line":166,"column":null}},"69":{"start":{"line":166,"column":78},"end":{"line":166,"column":94}},"70":{"start":{"line":168,"column":4},"end":{"line":175,"column":null}},"71":{"start":{"line":178,"column":2},"end":{"line":191,"column":null}},"72":{"start":{"line":179,"column":27},"end":{"line":183,"column":null}},"73":{"start":{"line":179,"column":73},"end":{"line":183,"column":6}},"74":{"start":{"line":185,"column":4},"end":{"line":190,"column":null}},"75":{"start":{"line":193,"column":2},"end":{"line":205,"column":null}},"76":{"start":{"line":194,"column":22},"end":{"line":197,"column":null}},"77":{"start":{"line":194,"column":57},"end":{"line":197,"column":6}},"78":{"start":{"line":199,"column":4},"end":{"line":204,"column":null}},"79":{"start":{"line":207,"column":2},"end":{"line":214,"column":null}},"80":{"start":{"line":208,"column":4},"end":{"line":213,"column":null}},"81":{"start":{"line":216,"column":2},"end":{"line":216,"column":null}},"82":{"start":{"line":220,"column":2},"end":{"line":222,"column":null}},"83":{"start":{"line":221,"column":4},"end":{"line":221,"column":null}},"84":{"start":{"line":223,"column":2},"end":{"line":225,"column":null}},"85":{"start":{"line":224,"column":4},"end":{"line":224,"column":null}},"86":{"start":{"line":226,"column":2},"end":{"line":228,"column":null}},"87":{"start":{"line":227,"column":4},"end":{"line":227,"column":null}},"88":{"start":{"line":229,"column":2},"end":{"line":231,"column":null}},"89":{"start":{"line":230,"column":4},"end":{"line":230,"column":null}},"90":{"start":{"line":232,"column":2},"end":{"line":232,"column":null}},"91":{"start":{"line":235,"column":6},"end":{"line":539,"column":null}},"92":{"start":{"line":236,"column":30},"end":{"line":236,"column":null}},"93":{"start":{"line":237,"column":24},"end":{"line":237,"column":null}},"94":{"start":{"line":238,"column":32},"end":{"line":238,"column":null}},"95":{"start":{"line":239,"column":44},"end":{"line":239,"column":null}},"96":{"start":{"line":240,"column":36},"end":{"line":240,"column":null}},"97":{"start":{"line":243,"column":25},"end":{"line":245,"column":null}},"98":{"start":{"line":244,"column":4},"end":{"line":244,"column":null}},"99":{"start":{"line":247,"column":2},"end":{"line":249,"column":null}},"100":{"start":{"line":248,"column":4},"end":{"line":248,"column":null}},"101":{"start":{"line":251,"column":23},"end":{"line":262,"column":null}},"102":{"start":{"line":252,"column":4},"end":{"line":252,"column":null}},"103":{"start":{"line":252,"column":21},"end":{"line":252,"column":null}},"104":{"start":{"line":253,"column":4},"end":{"line":253,"column":null}},"105":{"start":{"line":254,"column":4},"end":{"line":261,"column":null}},"106":{"start":{"line":255,"column":21},"end":{"line":255,"column":null}},"107":{"start":{"line":256,"column":6},"end":{"line":256,"column":null}},"108":{"start":{"line":258,"column":6},"end":{"line":258,"column":null}},"109":{"start":{"line":260,"column":6},"end":{"line":260,"column":null}},"110":{"start":{"line":264,"column":22},"end":{"line":337,"column":null}},"111":{"start":{"line":265,"column":18},"end":{"line":265,"column":null}},"112":{"start":{"line":266,"column":4},"end":{"line":266,"column":null}},"113":{"start":{"line":266,"column":38},"end":{"line":266,"column":null}},"114":{"start":{"line":268,"column":29},"end":{"line":268,"column":null}},"115":{"start":{"line":269,"column":4},"end":{"line":269,"column":null}},"116":{"start":{"line":269,"column":24},"end":{"line":269,"column":42}},"117":{"start":{"line":270,"column":4},"end":{"line":270,"column":null}},"118":{"start":{"line":272,"column":10},"end":{"line":272,"column":null}},"119":{"start":{"line":273,"column":10},"end":{"line":273,"column":null}},"120":{"start":{"line":275,"column":4},"end":{"line":275,"column":null}},"121":{"start":{"line":277,"column":4},"end":{"line":281,"column":null}},"122":{"start":{"line":278,"column":6},"end":{"line":278,"column":null}},"123":{"start":{"line":280,"column":6},"end":{"line":280,"column":null}},"124":{"start":{"line":283,"column":51},"end":{"line":283,"column":null}},"125":{"start":{"line":285,"column":19},"end":{"line":285,"column":null}},"126":{"start":{"line":287,"column":19},"end":{"line":287,"column":null}},"127":{"start":{"line":288,"column":52},"end":{"line":288,"column":null}},"128":{"start":{"line":290,"column":4},"end":{"line":305,"column":null}},"129":{"start":{"line":291,"column":6},"end":{"line":291,"column":null}},"130":{"start":{"line":293,"column":6},"end":{"line":302,"column":null}},"131":{"start":{"line":294,"column":8},"end":{"line":294,"column":null}},"132":{"start":{"line":296,"column":18},"end":{"line":296,"column":null}},"133":{"start":{"line":297,"column":18},"end":{"line":297,"column":null}},"134":{"start":{"line":298,"column":8},"end":{"line":298,"column":null}},"135":{"start":{"line":299,"column":8},"end":{"line":301,"column":null}},"136":{"start":{"line":300,"column":10},"end":{"line":300,"column":null}},"137":{"start":{"line":300,"column":84},"end":{"line":300,"column":101}},"138":{"start":{"line":304,"column":6},"end":{"line":304,"column":null}},"139":{"start":{"line":307,"column":22},"end":{"line":307,"column":null}},"140":{"start":{"line":309,"column":34},"end":{"line":319,"column":null}},"141":{"start":{"line":320,"column":4},"end":{"line":320,"column":null}},"142":{"start":{"line":320,"column":24},"end":{"line":320,"column":47}},"143":{"start":{"line":322,"column":4},"end":{"line":329,"column":null}},"144":{"start":{"line":331,"column":4},"end":{"line":336,"column":null}},"145":{"start":{"line":334,"column":50},"end":{"line":334,"column":54}},"146":{"start":{"line":335,"column":50},"end":{"line":335,"column":54}},"147":{"start":{"line":339,"column":27},"end":{"line":341,"column":null}},"148":{"start":{"line":340,"column":4},"end":{"line":340,"column":null}},"149":{"start":{"line":343,"column":25},"end":{"line":352,"column":null}},"150":{"start":{"line":344,"column":4},"end":{"line":347,"column":null}},"151":{"start":{"line":345,"column":6},"end":{"line":345,"column":null}},"152":{"start":{"line":346,"column":6},"end":{"line":346,"column":null}},"153":{"start":{"line":348,"column":4},"end":{"line":350,"column":null}},"154":{"start":{"line":349,"column":6},"end":{"line":349,"column":null}},"155":{"start":{"line":351,"column":4},"end":{"line":351,"column":null}},"156":{"start":{"line":354,"column":26},"end":{"line":362,"column":null}},"157":{"start":{"line":355,"column":19},"end":{"line":355,"column":null}},"158":{"start":{"line":356,"column":4},"end":{"line":360,"column":null}},"159":{"start":{"line":357,"column":6},"end":{"line":357,"column":null}},"160":{"start":{"line":359,"column":6},"end":{"line":359,"column":null}},"161":{"start":{"line":361,"column":4},"end":{"line":361,"column":null}},"162":{"start":{"line":364,"column":2},"end":{"line":374,"column":null}},"163":{"start":{"line":365,"column":4},"end":{"line":373,"column":null}},"164":{"start":{"line":366,"column":12},"end":{"line":366,"column":null}},"165":{"start":{"line":367,"column":12},"end":{"line":367,"column":null}},"166":{"start":{"line":368,"column":6},"end":{"line":372,"column":null}},"167":{"start":{"line":376,"column":2},"end":{"line":526,"column":null}},"168":{"start":{"line":376,"column":2},"end":{"line":376,"column":null}},"169":{"start":{"line":376,"column":2},"end":{"line":496,"column":null}},"170":{"start":{"line":379,"column":17},"end":{"line":379,"column":29}},"171":{"start":{"line":380,"column":17},"end":{"line":381,"column":null}},"172":{"start":{"line":380,"column":22},"end":{"line":380,"column":null}},"173":{"start":{"line":380,"column":22},"end":{"line":383,"column":null}},"174":{"start":{"line":383,"column":17},"end":{"line":383,"column":50}},"175":{"start":{"line":383,"column":50},"end":{"line":386,"column":null}},"176":{"start":{"line":386,"column":43},"end":{"line":386,"column":54}},"177":{"start":{"line":386,"column":54},"end":{"line":434,"column":null}},"178":{"start":{"line":388,"column":26},"end":{"line":388,"column":46}},"179":{"start":{"line":389,"column":19},"end":{"line":429,"column":null}},"180":{"start":{"line":389,"column":29},"end":{"line":389,"column":null}},"181":{"start":{"line":389,"column":29},"end":{"line":399,"column":null}},"182":{"start":{"line":391,"column":32},"end":{"line":391,"column":71}},"183":{"start":{"line":391,"column":71},"end":{"line":391,"column":null}},"184":{"start":{"line":391,"column":71},"end":{"line":399,"column":null}},"185":{"start":{"line":393,"column":35},"end":{"line":393,"column":55}},"186":{"start":{"line":394,"column":30},"end":{"line":397,"column":null}},"187":{"start":{"line":394,"column":34},"end":{"line":394,"column":null}},"188":{"start":{"line":394,"column":34},"end":{"line":396,"column":null}},"189":{"start":{"line":396,"column":58},"end":{"line":396,"column":68}},"190":{"start":{"line":396,"column":68},"end":{"line":397,"column":null}},"191":{"start":{"line":397,"column":58},"end":{"line":397,"column":67}},"192":{"start":{"line":397,"column":67},"end":{"line":397,"column":null}},"193":{"start":{"line":399,"column":29},"end":{"line":399,"column":null}},"194":{"start":{"line":399,"column":29},"end":{"line":414,"column":null}},"195":{"start":{"line":404,"column":32},"end":{"line":404,"column":71}},"196":{"start":{"line":404,"column":71},"end":{"line":404,"column":null}},"197":{"start":{"line":404,"column":71},"end":{"line":414,"column":null}},"198":{"start":{"line":406,"column":35},"end":{"line":406,"column":55}},"199":{"start":{"line":407,"column":36},"end":{"line":412,"column":null}},"200":{"start":{"line":407,"column":37},"end":{"line":407,"column":null}},"201":{"start":{"line":407,"column":37},"end":{"line":409,"column":null}},"202":{"start":{"line":409,"column":53},"end":{"line":409,"column":60}},"203":{"start":{"line":409,"column":60},"end":{"line":410,"column":null}},"204":{"start":{"line":410,"column":57},"end":{"line":410,"column":66}},"205":{"start":{"line":410,"column":66},"end":{"line":411,"column":null}},"206":{"start":{"line":411,"column":57},"end":{"line":411,"column":66}},"207":{"start":{"line":411,"column":66},"end":{"line":412,"column":null}},"208":{"start":{"line":412,"column":64},"end":{"line":412,"column":80}},"209":{"start":{"line":412,"column":80},"end":{"line":412,"column":null}},"210":{"start":{"line":414,"column":29},"end":{"line":414,"column":null}},"211":{"start":{"line":414,"column":29},"end":{"line":429,"column":null}},"212":{"start":{"line":419,"column":32},"end":{"line":419,"column":74}},"213":{"start":{"line":419,"column":74},"end":{"line":419,"column":null}},"214":{"start":{"line":419,"column":74},"end":{"line":429,"column":null}},"215":{"start":{"line":421,"column":35},"end":{"line":421,"column":55}},"216":{"start":{"line":422,"column":37},"end":{"line":425,"column":null}},"217":{"start":{"line":422,"column":37},"end":{"line":422,"column":null}},"218":{"start":{"line":422,"column":37},"end":{"line":424,"column":null}},"219":{"start":{"line":424,"column":57},"end":{"line":424,"column":66}},"220":{"start":{"line":424,"column":66},"end":{"line":424,"column":null}},"221":{"start":{"line":425,"column":42},"end":{"line":425,"column":79}},"222":{"start":{"line":425,"column":79},"end":{"line":425,"column":null}},"223":{"start":{"line":429,"column":29},"end":{"line":429,"column":null}},"224":{"start":{"line":434,"column":19},"end":{"line":441,"column":null}},"225":{"start":{"line":437,"column":26},"end":{"line":437,"column":83}},"226":{"start":{"line":437,"column":28},"end":{"line":437,"column":54}},"227":{"start":{"line":437,"column":83},"end":{"line":437,"column":null}},"228":{"start":{"line":437,"column":83},"end":{"line":440,"column":null}},"229":{"start":{"line":440,"column":47},"end":{"line":440,"column":68}},"230":{"start":{"line":440,"column":68},"end":{"line":441,"column":null}},"231":{"start":{"line":441,"column":28},"end":{"line":441,"column":61}},"232":{"start":{"line":441,"column":61},"end":{"line":441,"column":null}},"233":{"start":{"line":441,"column":61},"end":{"line":462,"column":null}},"234":{"start":{"line":446,"column":26},"end":{"line":446,"column":42}},"235":{"start":{"line":446,"column":42},"end":{"line":446,"column":null}},"236":{"start":{"line":446,"column":42},"end":{"line":450,"column":61}},"237":{"start":{"line":450,"column":37},"end":{"line":450,"column":61}},"238":{"start":{"line":450,"column":61},"end":{"line":452,"column":null}},"239":{"start":{"line":452,"column":23},"end":{"line":452,"column":61}},"240":{"start":{"line":452,"column":61},"end":{"line":462,"column":null}},"241":{"start":{"line":454,"column":30},"end":{"line":454,"column":58}},"242":{"start":{"line":454,"column":58},"end":{"line":454,"column":null}},"243":{"start":{"line":454,"column":58},"end":{"line":458,"column":null}},"244":{"start":{"line":456,"column":34},"end":{"line":456,"column":51}},"245":{"start":{"line":456,"column":51},"end":{"line":456,"column":null}},"246":{"start":{"line":456,"column":51},"end":{"line":458,"column":null}},"247":{"start":{"line":458,"column":72},"end":{"line":458,"column":87}},"248":{"start":{"line":458,"column":87},"end":{"line":458,"column":null}},"249":{"start":{"line":458,"column":87},"end":{"line":462,"column":null}},"250":{"start":{"line":462,"column":33},"end":{"line":462,"column":47}},"251":{"start":{"line":462,"column":47},"end":{"line":462,"column":null}},"252":{"start":{"line":462,"column":47},"end":{"line":479,"column":null}},"253":{"start":{"line":469,"column":26},"end":{"line":469,"column":69}},"254":{"start":{"line":469,"column":28},"end":{"line":469,"column":41}},"255":{"start":{"line":469,"column":69},"end":{"line":469,"column":null}},"256":{"start":{"line":469,"column":69},"end":{"line":479,"column":null}},"257":{"start":{"line":471,"column":29},"end":{"line":471,"column":44}},"258":{"start":{"line":472,"column":24},"end":{"line":477,"column":null}},"259":{"start":{"line":472,"column":26},"end":{"line":472,"column":null}},"260":{"start":{"line":472,"column":26},"end":{"line":475,"column":59}},"261":{"start":{"line":475,"column":41},"end":{"line":475,"column":59}},"262":{"start":{"line":475,"column":59},"end":{"line":477,"column":null}},"263":{"start":{"line":477,"column":29},"end":{"line":477,"column":null}},"264":{"start":{"line":479,"column":23},"end":{"line":479,"column":null}},"265":{"start":{"line":479,"column":23},"end":{"line":488,"column":null}},"266":{"start":{"line":484,"column":26},"end":{"line":484,"column":72}},"267":{"start":{"line":484,"column":28},"end":{"line":484,"column":41}},"268":{"start":{"line":484,"column":72},"end":{"line":484,"column":null}},"269":{"start":{"line":484,"column":72},"end":{"line":488,"column":59}},"270":{"start":{"line":488,"column":31},"end":{"line":488,"column":59}},"271":{"start":{"line":488,"column":59},"end":{"line":488,"column":null}},"272":{"start":{"line":488,"column":59},"end":{"line":381,"column":null}},"273":{"start":{"line":381,"column":50},"end":{"line":381,"column":null}},"274":{"start":{"line":496,"column":11},"end":{"line":507,"column":null}},"275":{"start":{"line":496,"column":11},"end":{"line":498,"column":null}},"276":{"start":{"line":496,"column":11},"end":{"line":498,"column":20}},"277":{"start":{"line":498,"column":20},"end":{"line":498,"column":19}},"278":{"start":{"line":498,"column":9},"end":{"line":498,"column":19}},"279":{"start":{"line":508,"column":18},"end":{"line":508,"column":29}},"280":{"start":{"line":508,"column":29},"end":{"line":508,"column":null}},"281":{"start":{"line":508,"column":29},"end":{"line":519,"column":null}},"282":{"start":{"line":512,"column":18},"end":{"line":512,"column":42}},"283":{"start":{"line":512,"column":42},"end":{"line":512,"column":null}},"284":{"start":{"line":512,"column":42},"end":{"line":519,"column":null}},"285":{"start":{"line":515,"column":16},"end":{"line":517,"column":null}},"286":{"start":{"line":515,"column":17},"end":{"line":515,"column":null}},"287":{"start":{"line":515,"column":17},"end":{"line":516,"column":81}},"288":{"start":{"line":516,"column":62},"end":{"line":516,"column":81}},"289":{"start":{"line":516,"column":81},"end":{"line":517,"column":null}},"290":{"start":{"line":517,"column":20},"end":{"line":517,"column":null}},"291":{"start":{"line":519,"column":15},"end":{"line":519,"column":null}},"292":{"start":{"line":519,"column":15},"end":{"line":528,"column":80}},"293":{"start":{"line":528,"column":30},"end":{"line":528,"column":80}},"294":{"start":{"line":528,"column":80},"end":{"line":527,"column":59}},"295":{"start":{"line":527,"column":28},"end":{"line":527,"column":59}},"296":{"start":{"line":527,"column":59},"end":{"line":532,"column":46}},"297":{"start":{"line":532,"column":33},"end":{"line":532,"column":46}},"298":{"start":{"line":532,"column":46},"end":{"line":532,"column":null}},"299":{"start":{"line":532,"column":46},"end":{"line":529,"column":94}},"300":{"start":{"line":530,"column":22},"end":{"line":530,"column":48}},"301":{"start":{"line":532,"column":58},"end":{"line":532,"column":103}},"302":{"start":{"line":532,"column":103},"end":{"line":532,"column":null}},"303":{"start":{"line":532,"column":103},"end":{"line":526,"column":null}},"304":{"start":{"line":532,"column":103},"end":{"line":526,"column":26}},"305":{"start":{"line":526,"column":26},"end":{"line":526,"column":null}},"306":{"start":{"line":541,"column":24},"end":{"line":541,"column":null}}},"fnMap":{"0":{"name":"normalize","decl":{"start":{"line":34,"column":9},"end":{"line":34,"column":19}},"loc":{"start":{"line":34,"column":42},"end":{"line":36,"column":null}},"line":34},"1":{"name":"findEntityType","decl":{"start":{"line":38,"column":9},"end":{"line":38,"column":24}},"loc":{"start":{"line":38,"column":85},"end":{"line":49,"column":null}},"line":38},"2":{"name":"findTwoEntityTypes","decl":{"start":{"line":51,"column":9},"end":{"line":51,"column":28}},"loc":{"start":{"line":51,"column":106},"end":{"line":63,"column":null}},"line":51},"3":{"name":"translateNLtoSensibleQL","decl":{"start":{"line":65,"column":16},"end":{"line":65,"column":40}},"loc":{"start":{"line":65,"column":129},"end":{"line":125,"column":null}},"line":65},"4":{"name":"translateNLtoSensibleQLWithLLM","decl":{"start":{"line":127,"column":15},"end":{"line":127,"column":null}},"loc":{"start":{"line":131,"column":76},"end":{"line":152,"column":null}},"line":131},"5":{"name":"generateStructuredResponse","decl":{"start":{"line":154,"column":9},"end":{"line":154,"column":36}},"loc":{"start":{"line":154,"column":126},"end":{"line":217,"column":null}},"line":154},"6":{"name":"(anonymous_6)","decl":{"start":{"line":166,"column":58},"end":{"line":166,"column":59}},"loc":{"start":{"line":166,"column":78},"end":{"line":166,"column":94}},"line":166},"7":{"name":"(anonymous_7)","decl":{"start":{"line":179,"column":49},"end":{"line":179,"column":50}},"loc":{"start":{"line":179,"column":73},"end":{"line":183,"column":6}},"line":179},"8":{"name":"(anonymous_8)","decl":{"start":{"line":194,"column":44},"end":{"line":194,"column":45}},"loc":{"start":{"line":194,"column":57},"end":{"line":197,"column":6}},"line":194},"9":{"name":"generateFollowUps","decl":{"start":{"line":219,"column":9},"end":{"line":219,"column":27}},"loc":{"start":{"line":219,"column":99},"end":{"line":233,"column":null}},"line":219},"10":{"name":"(anonymous_10)","decl":{"start":{"line":235,"column":28},"end":{"line":235,"column":34}},"loc":{"start":{"line":235,"column":34},"end":{"line":539,"column":1}},"line":235},"11":{"name":"(anonymous_11)","decl":{"start":{"line":243,"column":25},"end":{"line":243,"column":31}},"loc":{"start":{"line":243,"column":31},"end":{"line":245,"column":null}},"line":243},"12":{"name":"(anonymous_12)","decl":{"start":{"line":247,"column":15},"end":{"line":247,"column":21}},"loc":{"start":{"line":247,"column":21},"end":{"line":249,"column":3}},"line":247},"13":{"name":"(anonymous_13)","decl":{"start":{"line":251,"column":23},"end":{"line":251,"column":30}},"loc":{"start":{"line":251,"column":48},"end":{"line":262,"column":null}},"line":251},"14":{"name":"(anonymous_14)","decl":{"start":{"line":264,"column":22},"end":{"line":264,"column":29}},"loc":{"start":{"line":264,"column":47},"end":{"line":337,"column":null}},"line":264},"15":{"name":"(anonymous_15)","decl":{"start":{"line":269,"column":16},"end":{"line":269,"column":24}},"loc":{"start":{"line":269,"column":24},"end":{"line":269,"column":42}},"line":269},"16":{"name":"(anonymous_16)","decl":{"start":{"line":300,"column":69},"end":{"line":300,"column":70}},"loc":{"start":{"line":300,"column":84},"end":{"line":300,"column":101}},"line":300},"17":{"name":"(anonymous_17)","decl":{"start":{"line":320,"column":16},"end":{"line":320,"column":24}},"loc":{"start":{"line":320,"column":24},"end":{"line":320,"column":47}},"line":320},"18":{"name":"(anonymous_18)","decl":{"start":{"line":334,"column":38},"end":{"line":334,"column":39}},"loc":{"start":{"line":334,"column":50},"end":{"line":334,"column":54}},"line":334},"19":{"name":"(anonymous_19)","decl":{"start":{"line":335,"column":38},"end":{"line":335,"column":39}},"loc":{"start":{"line":335,"column":50},"end":{"line":335,"column":54}},"line":335},"20":{"name":"(anonymous_20)","decl":{"start":{"line":339,"column":27},"end":{"line":339,"column":28}},"loc":{"start":{"line":339,"column":51},"end":{"line":341,"column":null}},"line":339},"21":{"name":"(anonymous_21)","decl":{"start":{"line":343,"column":25},"end":{"line":343,"column":26}},"loc":{"start":{"line":343,"column":47},"end":{"line":352,"column":null}},"line":343},"22":{"name":"(anonymous_22)","decl":{"start":{"line":354,"column":26},"end":{"line":354,"column":27}},"loc":{"start":{"line":354,"column":45},"end":{"line":362,"column":null}},"line":354},"23":{"name":"(anonymous_23)","decl":{"start":{"line":364,"column":15},"end":{"line":364,"column":21}},"loc":{"start":{"line":364,"column":21},"end":{"line":374,"column":3}},"line":364},"24":{"name":"(anonymous_24)","decl":{"start":{"line":376,"column":2},"end":{"line":376,"column":null}},"loc":{"start":{"line":376,"column":2},"end":{"line":526,"column":null}},"line":376},"25":{"name":"(anonymous_25)","decl":{"start":{"line":379,"column":13},"end":{"line":379,"column":17}},"loc":{"start":{"line":379,"column":17},"end":{"line":379,"column":null}},"line":379},"26":{"name":"(anonymous_26)","decl":{"start":{"line":380,"column":11},"end":{"line":380,"column":12}},"loc":{"start":{"line":380,"column":17},"end":{"line":381,"column":null}},"line":380},"27":{"name":"(anonymous_27)","decl":{"start":{"line":380,"column":22},"end":{"line":380,"column":null}},"loc":{"start":{"line":380,"column":22},"end":{"line":381,"column":null}},"line":380},"28":{"name":"(anonymous_28)","decl":{"start":{"line":383,"column":50},"end":{"line":383,"column":null}},"loc":{"start":{"line":386,"column":43},"end":{"line":386,"column":54}},"line":386},"29":{"name":"(anonymous_29)","decl":{"start":{"line":388,"column":22},"end":{"line":388,"column":26}},"loc":{"start":{"line":388,"column":26},"end":{"line":388,"column":null}},"line":388},"30":{"name":"(anonymous_30)","decl":{"start":{"line":389,"column":19},"end":{"line":389,"column":29}},"loc":{"start":{"line":389,"column":19},"end":{"line":429,"column":null}},"line":389},"31":{"name":"(anonymous_31)","decl":{"start":{"line":389,"column":29},"end":{"line":389,"column":null}},"loc":{"start":{"line":389,"column":29},"end":{"line":429,"column":null}},"line":389},"32":{"name":"(anonymous_32)","decl":{"start":{"line":391,"column":28},"end":{"line":391,"column":32}},"loc":{"start":{"line":391,"column":32},"end":{"line":391,"column":null}},"line":391},"33":{"name":"(anonymous_33)","decl":{"start":{"line":391,"column":71},"end":{"line":391,"column":null}},"loc":{"start":{"line":391,"column":71},"end":{"line":399,"column":null}},"line":391},"34":{"name":"(anonymous_34)","decl":{"start":{"line":393,"column":31},"end":{"line":393,"column":35}},"loc":{"start":{"line":393,"column":35},"end":{"line":393,"column":null}},"line":393},"35":{"name":"(anonymous_35)","decl":{"start":{"line":394,"column":30},"end":{"line":394,"column":34}},"loc":{"start":{"line":394,"column":30},"end":{"line":397,"column":null}},"line":394},"36":{"name":"(anonymous_36)","decl":{"start":{"line":394,"column":34},"end":{"line":394,"column":null}},"loc":{"start":{"line":394,"column":34},"end":{"line":397,"column":null}},"line":394},"37":{"name":"(anonymous_37)","decl":{"start":{"line":396,"column":68},"end":{"line":396,"column":null}},"loc":{"start":{"line":397,"column":58},"end":{"line":397,"column":67}},"line":397},"38":{"name":"(anonymous_38)","decl":{"start":{"line":404,"column":28},"end":{"line":404,"column":32}},"loc":{"start":{"line":404,"column":32},"end":{"line":404,"column":null}},"line":404},"39":{"name":"(anonymous_39)","decl":{"start":{"line":404,"column":71},"end":{"line":404,"column":null}},"loc":{"start":{"line":404,"column":71},"end":{"line":414,"column":null}},"line":404},"40":{"name":"(anonymous_40)","decl":{"start":{"line":406,"column":31},"end":{"line":406,"column":35}},"loc":{"start":{"line":406,"column":35},"end":{"line":406,"column":null}},"line":406},"41":{"name":"(anonymous_41)","decl":{"start":{"line":407,"column":29},"end":{"line":407,"column":30}},"loc":{"start":{"line":407,"column":36},"end":{"line":412,"column":null}},"line":407},"42":{"name":"(anonymous_42)","decl":{"start":{"line":407,"column":37},"end":{"line":407,"column":null}},"loc":{"start":{"line":407,"column":37},"end":{"line":412,"column":null}},"line":407},"43":{"name":"(anonymous_43)","decl":{"start":{"line":409,"column":60},"end":{"line":409,"column":null}},"loc":{"start":{"line":410,"column":57},"end":{"line":410,"column":66}},"line":410},"44":{"name":"(anonymous_44)","decl":{"start":{"line":410,"column":66},"end":{"line":410,"column":null}},"loc":{"start":{"line":411,"column":57},"end":{"line":411,"column":66}},"line":411},"45":{"name":"(anonymous_45)","decl":{"start":{"line":411,"column":66},"end":{"line":411,"column":null}},"loc":{"start":{"line":412,"column":64},"end":{"line":412,"column":80}},"line":412},"46":{"name":"(anonymous_46)","decl":{"start":{"line":419,"column":28},"end":{"line":419,"column":32}},"loc":{"start":{"line":419,"column":32},"end":{"line":419,"column":null}},"line":419},"47":{"name":"(anonymous_47)","decl":{"start":{"line":419,"column":74},"end":{"line":419,"column":null}},"loc":{"start":{"line":419,"column":74},"end":{"line":429,"column":null}},"line":419},"48":{"name":"(anonymous_48)","decl":{"start":{"line":421,"column":31},"end":{"line":421,"column":35}},"loc":{"start":{"line":421,"column":35},"end":{"line":421,"column":null}},"line":421},"49":{"name":"(anonymous_49)","decl":{"start":{"line":422,"column":29},"end":{"line":422,"column":30}},"loc":{"start":{"line":422,"column":37},"end":{"line":425,"column":null}},"line":422},"50":{"name":"(anonymous_50)","decl":{"start":{"line":422,"column":37},"end":{"line":422,"column":null}},"loc":{"start":{"line":422,"column":37},"end":{"line":424,"column":null}},"line":422},"51":{"name":"(anonymous_51)","decl":{"start":{"line":425,"column":38},"end":{"line":425,"column":42}},"loc":{"start":{"line":425,"column":42},"end":{"line":425,"column":null}},"line":425},"52":{"name":"(anonymous_52)","decl":{"start":{"line":425,"column":79},"end":{"line":425,"column":null}},"loc":{"start":{"line":425,"column":79},"end":{"line":425,"column":null}},"line":425},"53":{"name":"(anonymous_53)","decl":{"start":{"line":437,"column":22},"end":{"line":437,"column":26}},"loc":{"start":{"line":437,"column":26},"end":{"line":437,"column":null}},"line":437},"54":{"name":"(anonymous_54)","decl":{"start":{"line":437,"column":28},"end":{"line":437,"column":32}},"loc":{"start":{"line":437,"column":28},"end":{"line":437,"column":54}},"line":437},"55":{"name":"(anonymous_55)","decl":{"start":{"line":437,"column":83},"end":{"line":437,"column":null}},"loc":{"start":{"line":437,"column":83},"end":{"line":441,"column":null}},"line":437},"56":{"name":"(anonymous_56)","decl":{"start":{"line":440,"column":68},"end":{"line":440,"column":null}},"loc":{"start":{"line":441,"column":28},"end":{"line":441,"column":61}},"line":441},"57":{"name":"(anonymous_57)","decl":{"start":{"line":446,"column":22},"end":{"line":446,"column":26}},"loc":{"start":{"line":446,"column":26},"end":{"line":446,"column":null}},"line":446},"58":{"name":"(anonymous_58)","decl":{"start":{"line":446,"column":42},"end":{"line":446,"column":null}},"loc":{"start":{"line":446,"column":42},"end":{"line":462,"column":null}},"line":446},"59":{"name":"(anonymous_59)","decl":{"start":{"line":450,"column":31},"end":{"line":450,"column":37}},"loc":{"start":{"line":450,"column":37},"end":{"line":450,"column":61}},"line":450},"60":{"name":"(anonymous_60)","decl":{"start":{"line":450,"column":61},"end":{"line":450,"column":null}},"loc":{"start":{"line":452,"column":23},"end":{"line":452,"column":61}},"line":452},"61":{"name":"(anonymous_61)","decl":{"start":{"line":454,"column":26},"end":{"line":454,"column":30}},"loc":{"start":{"line":454,"column":30},"end":{"line":454,"column":null}},"line":454},"62":{"name":"(anonymous_62)","decl":{"start":{"line":454,"column":58},"end":{"line":454,"column":null}},"loc":{"start":{"line":454,"column":58},"end":{"line":462,"column":null}},"line":454},"63":{"name":"(anonymous_63)","decl":{"start":{"line":456,"column":30},"end":{"line":456,"column":34}},"loc":{"start":{"line":456,"column":34},"end":{"line":456,"column":null}},"line":456},"64":{"name":"(anonymous_64)","decl":{"start":{"line":456,"column":51},"end":{"line":456,"column":null}},"loc":{"start":{"line":456,"column":51},"end":{"line":458,"column":null}},"line":456},"65":{"name":"(anonymous_65)","decl":{"start":{"line":458,"column":87},"end":{"line":458,"column":null}},"loc":{"start":{"line":462,"column":33},"end":{"line":462,"column":47}},"line":462},"66":{"name":"(anonymous_66)","decl":{"start":{"line":469,"column":22},"end":{"line":469,"column":26}},"loc":{"start":{"line":469,"column":26},"end":{"line":469,"column":null}},"line":469},"67":{"name":"(anonymous_67)","decl":{"start":{"line":469,"column":28},"end":{"line":469,"column":32}},"loc":{"start":{"line":469,"column":28},"end":{"line":469,"column":41}},"line":469},"68":{"name":"(anonymous_68)","decl":{"start":{"line":469,"column":69},"end":{"line":469,"column":null}},"loc":{"start":{"line":469,"column":69},"end":{"line":479,"column":null}},"line":469},"69":{"name":"(anonymous_69)","decl":{"start":{"line":471,"column":25},"end":{"line":471,"column":29}},"loc":{"start":{"line":471,"column":29},"end":{"line":471,"column":null}},"line":471},"70":{"name":"(anonymous_70)","decl":{"start":{"line":472,"column":24},"end":{"line":472,"column":26}},"loc":{"start":{"line":472,"column":24},"end":{"line":477,"column":null}},"line":472},"71":{"name":"(anonymous_71)","decl":{"start":{"line":472,"column":26},"end":{"line":472,"column":null}},"loc":{"start":{"line":472,"column":26},"end":{"line":477,"column":null}},"line":472},"72":{"name":"(anonymous_72)","decl":{"start":{"line":475,"column":35},"end":{"line":475,"column":41}},"loc":{"start":{"line":475,"column":41},"end":{"line":475,"column":59}},"line":475},"73":{"name":"(anonymous_73)","decl":{"start":{"line":484,"column":22},"end":{"line":484,"column":26}},"loc":{"start":{"line":484,"column":26},"end":{"line":484,"column":null}},"line":484},"74":{"name":"(anonymous_74)","decl":{"start":{"line":484,"column":28},"end":{"line":484,"column":32}},"loc":{"start":{"line":484,"column":28},"end":{"line":484,"column":41}},"line":484},"75":{"name":"(anonymous_75)","decl":{"start":{"line":484,"column":72},"end":{"line":484,"column":null}},"loc":{"start":{"line":484,"column":72},"end":{"line":488,"column":null}},"line":484},"76":{"name":"(anonymous_76)","decl":{"start":{"line":488,"column":31},"end":{"line":488,"column":37}},"loc":{"start":{"line":488,"column":31},"end":{"line":488,"column":59}},"line":488},"77":{"name":"(anonymous_77)","decl":{"start":{"line":488,"column":59},"end":{"line":488,"column":null}},"loc":{"start":{"line":488,"column":59},"end":{"line":381,"column":null}},"line":488},"78":{"name":"(anonymous_78)","decl":{"start":{"line":496,"column":11},"end":{"line":496,"column":null}},"loc":{"start":{"line":496,"column":11},"end":{"line":507,"column":null}},"line":496},"79":{"name":"(anonymous_79)","decl":{"start":{"line":498,"column":20},"end":{"line":498,"column":null}},"loc":{"start":{"line":498,"column":9},"end":{"line":498,"column":19}},"line":498},"80":{"name":"(anonymous_80)","decl":{"start":{"line":512,"column":14},"end":{"line":512,"column":18}},"loc":{"start":{"line":512,"column":18},"end":{"line":512,"column":null}},"line":512},"81":{"name":"(anonymous_81)","decl":{"start":{"line":512,"column":42},"end":{"line":512,"column":null}},"loc":{"start":{"line":512,"column":42},"end":{"line":519,"column":null}},"line":512},"82":{"name":"(anonymous_82)","decl":{"start":{"line":515,"column":16},"end":{"line":515,"column":17}},"loc":{"start":{"line":515,"column":16},"end":{"line":517,"column":null}},"line":515},"83":{"name":"(anonymous_83)","decl":{"start":{"line":515,"column":17},"end":{"line":515,"column":null}},"loc":{"start":{"line":515,"column":17},"end":{"line":517,"column":null}},"line":515},"84":{"name":"(anonymous_84)","decl":{"start":{"line":516,"column":56},"end":{"line":516,"column":62}},"loc":{"start":{"line":516,"column":62},"end":{"line":516,"column":81}},"line":516},"85":{"name":"(anonymous_85)","decl":{"start":{"line":528,"column":24},"end":{"line":528,"column":30}},"loc":{"start":{"line":528,"column":30},"end":{"line":528,"column":80}},"line":528},"86":{"name":"(anonymous_86)","decl":{"start":{"line":527,"column":22},"end":{"line":527,"column":28}},"loc":{"start":{"line":527,"column":28},"end":{"line":527,"column":59}},"line":527},"87":{"name":"(anonymous_87)","decl":{"start":{"line":532,"column":27},"end":{"line":532,"column":33}},"loc":{"start":{"line":532,"column":33},"end":{"line":532,"column":46}},"line":532},"88":{"name":"(anonymous_88)","decl":{"start":{"line":532,"column":46},"end":{"line":532,"column":58}},"loc":{"start":{"line":532,"column":46},"end":{"line":532,"column":null}},"line":532},"89":{"name":"(anonymous_89)","decl":{"start":{"line":532,"column":103},"end":{"line":532,"column":null}},"loc":{"start":{"line":532,"column":103},"end":{"line":526,"column":26}},"line":532}},"branchMap":{"0":{"loc":{"start":{"line":40,"column":2},"end":{"line":40,"column":null}},"type":"if","locations":[{"start":{"line":40,"column":2},"end":{"line":40,"column":null}},{"start":{},"end":{}}],"line":40},"1":{"loc":{"start":{"line":41,"column":24},"end":{"line":41,"column":53}},"type":"binary-expr","locations":[{"start":{"line":41,"column":24},"end":{"line":41,"column":50}},{"start":{"line":41,"column":50},"end":{"line":41,"column":53}}],"line":41},"2":{"loc":{"start":{"line":44,"column":4},"end":{"line":46,"column":null}},"type":"if","locations":[{"start":{"line":44,"column":4},"end":{"line":46,"column":null}},{"start":{},"end":{}}],"line":44},"3":{"loc":{"start":{"line":44,"column":8},"end":{"line":44,"column":83}},"type":"binary-expr","locations":[{"start":{"line":44,"column":8},"end":{"line":44,"column":37}},{"start":{"line":44,"column":37},"end":{"line":44,"column":83}}],"line":44},"4":{"loc":{"start":{"line":53,"column":2},"end":{"line":53,"column":null}},"type":"if","locations":[{"start":{"line":53,"column":2},"end":{"line":53,"column":null}},{"start":{},"end":{}}],"line":53},"5":{"loc":{"start":{"line":55,"column":21},"end":{"line":55,"column":51}},"type":"binary-expr","locations":[{"start":{"line":55,"column":21},"end":{"line":55,"column":47}},{"start":{"line":55,"column":47},"end":{"line":55,"column":51}}],"line":55},"6":{"loc":{"start":{"line":57,"column":4},"end":{"line":60,"column":null}},"type":"if","locations":[{"start":{"line":57,"column":4},"end":{"line":60,"column":null}},{"start":{},"end":{}}],"line":57},"7":{"loc":{"start":{"line":57,"column":8},"end":{"line":57,"column":83}},"type":"binary-expr","locations":[{"start":{"line":57,"column":8},"end":{"line":57,"column":37}},{"start":{"line":57,"column":37},"end":{"line":57,"column":83}}],"line":57},"8":{"loc":{"start":{"line":59,"column":6},"end":{"line":59,"column":null}},"type":"if","locations":[{"start":{"line":59,"column":6},"end":{"line":59,"column":null}},{"start":{},"end":{}}],"line":59},"9":{"loc":{"start":{"line":62,"column":10},"end":{"line":62,"column":28}},"type":"binary-expr","locations":[{"start":{"line":62,"column":10},"end":{"line":62,"column":22}},{"start":{"line":62,"column":22},"end":{"line":62,"column":28}}],"line":62},"10":{"loc":{"start":{"line":62,"column":28},"end":{"line":62,"column":44}},"type":"binary-expr","locations":[{"start":{"line":62,"column":28},"end":{"line":62,"column":40}},{"start":{"line":62,"column":40},"end":{"line":62,"column":44}}],"line":62},"11":{"loc":{"start":{"line":68,"column":2},"end":{"line":70,"column":null}},"type":"if","locations":[{"start":{"line":68,"column":2},"end":{"line":70,"column":null}},{"start":{},"end":{}}],"line":68},"12":{"loc":{"start":{"line":72,"column":2},"end":{"line":74,"column":null}},"type":"if","locations":[{"start":{"line":72,"column":2},"end":{"line":74,"column":null}},{"start":{},"end":{}}],"line":72},"13":{"loc":{"start":{"line":76,"column":2},"end":{"line":78,"column":null}},"type":"if","locations":[{"start":{"line":76,"column":2},"end":{"line":78,"column":null}},{"start":{},"end":{}}],"line":76},"14":{"loc":{"start":{"line":80,"column":2},"end":{"line":82,"column":null}},"type":"if","locations":[{"start":{"line":80,"column":2},"end":{"line":82,"column":null}},{"start":{},"end":{}}],"line":80},"15":{"loc":{"start":{"line":85,"column":2},"end":{"line":89,"column":null}},"type":"if","locations":[{"start":{"line":85,"column":2},"end":{"line":89,"column":null}},{"start":{},"end":{}}],"line":85},"16":{"loc":{"start":{"line":85,"column":6},"end":{"line":85,"column":34}},"type":"binary-expr","locations":[{"start":{"line":85,"column":6},"end":{"line":85,"column":21}},{"start":{"line":85,"column":21},"end":{"line":85,"column":34}}],"line":85},"17":{"loc":{"start":{"line":86,"column":4},"end":{"line":88,"column":null}},"type":"if","locations":[{"start":{"line":86,"column":4},"end":{"line":88,"column":null}},{"start":{},"end":{}}],"line":86},"18":{"loc":{"start":{"line":93,"column":2},"end":{"line":96,"column":null}},"type":"if","locations":[{"start":{"line":93,"column":2},"end":{"line":96,"column":null}},{"start":{},"end":{}}],"line":93},"19":{"loc":{"start":{"line":94,"column":20},"end":{"line":94,"column":null}},"type":"binary-expr","locations":[{"start":{"line":94,"column":20},"end":{"line":94,"column":34}},{"start":{"line":94,"column":34},"end":{"line":94,"column":null}}],"line":94},"20":{"loc":{"start":{"line":98,"column":2},"end":{"line":102,"column":null}},"type":"if","locations":[{"start":{"line":98,"column":2},"end":{"line":102,"column":null}},{"start":{},"end":{}}],"line":98},"21":{"loc":{"start":{"line":99,"column":17},"end":{"line":99,"column":null}},"type":"binary-expr","locations":[{"start":{"line":99,"column":17},"end":{"line":99,"column":31}},{"start":{"line":99,"column":31},"end":{"line":99,"column":null}}],"line":99},"22":{"loc":{"start":{"line":100,"column":23},"end":{"line":100,"column":null}},"type":"cond-expr","locations":[{"start":{"line":100,"column":36},"end":{"line":100,"column":80}},{"start":{"line":100,"column":80},"end":{"line":100,"column":null}}],"line":100},"23":{"loc":{"start":{"line":104,"column":2},"end":{"line":109,"column":null}},"type":"if","locations":[{"start":{"line":104,"column":2},"end":{"line":109,"column":null}},{"start":{},"end":{}}],"line":104},"24":{"loc":{"start":{"line":105,"column":4},"end":{"line":107,"column":null}},"type":"if","locations":[{"start":{"line":105,"column":4},"end":{"line":107,"column":null}},{"start":{},"end":{}}],"line":105},"25":{"loc":{"start":{"line":111,"column":2},"end":{"line":116,"column":null}},"type":"if","locations":[{"start":{"line":111,"column":2},"end":{"line":116,"column":null}},{"start":{},"end":{}}],"line":111},"26":{"loc":{"start":{"line":112,"column":4},"end":{"line":114,"column":null}},"type":"if","locations":[{"start":{"line":112,"column":4},"end":{"line":114,"column":null}},{"start":{},"end":{}}],"line":112},"27":{"loc":{"start":{"line":118,"column":2},"end":{"line":122,"column":null}},"type":"if","locations":[{"start":{"line":118,"column":2},"end":{"line":122,"column":null}},{"start":{},"end":{}}],"line":118},"28":{"loc":{"start":{"line":119,"column":4},"end":{"line":121,"column":null}},"type":"if","locations":[{"start":{"line":119,"column":4},"end":{"line":121,"column":null}},{"start":{},"end":{}}],"line":119},"29":{"loc":{"start":{"line":136,"column":21},"end":{"line":136,"column":null}},"type":"cond-expr","locations":[{"start":{"line":136,"column":34},"end":{"line":136,"column":63}},{"start":{"line":136,"column":63},"end":{"line":136,"column":null}}],"line":136},"30":{"loc":{"start":{"line":155,"column":16},"end":{"line":155,"column":null}},"type":"binary-expr","locations":[{"start":{"line":155,"column":16},"end":{"line":155,"column":39}},{"start":{"line":155,"column":39},"end":{"line":155,"column":null}}],"line":155},"31":{"loc":{"start":{"line":156,"column":20},"end":{"line":156,"column":null}},"type":"binary-expr","locations":[{"start":{"line":156,"column":20},"end":{"line":156,"column":51}},{"start":{"line":156,"column":51},"end":{"line":156,"column":null}}],"line":156},"32":{"loc":{"start":{"line":158,"column":2},"end":{"line":176,"column":null}},"type":"if","locations":[{"start":{"line":158,"column":2},"end":{"line":176,"column":null}},{"start":{},"end":{}}],"line":158},"33":{"loc":{"start":{"line":158,"column":6},"end":{"line":158,"column":56}},"type":"binary-expr","locations":[{"start":{"line":158,"column":6},"end":{"line":158,"column":34}},{"start":{"line":158,"column":34},"end":{"line":158,"column":56}}],"line":158},"34":{"loc":{"start":{"line":161,"column":20},"end":{"line":161,"column":null}},"type":"binary-expr","locations":[{"start":{"line":161,"column":20},"end":{"line":161,"column":35}},{"start":{"line":161,"column":35},"end":{"line":161,"column":null}}],"line":161},"35":{"loc":{"start":{"line":162,"column":19},"end":{"line":162,"column":null}},"type":"binary-expr","locations":[{"start":{"line":162,"column":19},"end":{"line":162,"column":33}},{"start":{"line":162,"column":33},"end":{"line":162,"column":null}}],"line":162},"36":{"loc":{"start":{"line":163,"column":26},"end":{"line":163,"column":51}},"type":"binary-expr","locations":[{"start":{"line":163,"column":26},"end":{"line":163,"column":46}},{"start":{"line":163,"column":46},"end":{"line":163,"column":51}}],"line":163},"37":{"loc":{"start":{"line":170,"column":44},"end":{"line":170,"column":73}},"type":"cond-expr","locations":[{"start":{"line":170,"column":65},"end":{"line":170,"column":71}},{"start":{"line":170,"column":71},"end":{"line":170,"column":73}}],"line":170},"38":{"loc":{"start":{"line":172,"column":15},"end":{"line":174,"colum
[...]
olumn":93}}],"line":325},"67":{"loc":{"start":{"line":327,"column":32},"end":{"line":327,"column":66}},"type":"binary-expr","locations":[{"start":{"line":327,"column":32},"end":{"line":327,"column":46}},{"start":{"line":327,"column":46},"end":{"line":327,"column":59}},{"start":{"line":327,"column":59},"end":{"line":327,"column":66}}],"line":327},"68":{"loc":{"start":{"line":327,"column":95},"end":{"line":327,"column":121}},"type":"cond-expr","locations":[{"start":{"line":327,"column":113},"end":{"line":327,"column":119}},{"start":{"line":327,"column":119},"end":{"line":327,"column":121}}],"line":327},"69":{"loc":{"start":{"line":331,"column":41},"end":{"line":331,"column":67}},"type":"cond-expr","locations":[{"start":{"line":331,"column":59},"end":{"line":331,"column":65}},{"start":{"line":331,"column":65},"end":{"line":331,"column":67}}],"line":331},"70":{"loc":{"start":{"line":331,"column":99},"end":{"line":331,"column":125}},"type":"cond-expr","locations":[{"start":{"line":331,"column":117},"end":{"line":331,"column":123}},{"start":{"line":331,"column":123},"end":{"line":331,"column":125}}],"line":331},"71":{"loc":{"start":{"line":335,"column":6},"end":{"line":337,"column":null}},"type":"if","locations":[{"start":{"line":335,"column":6},"end":{"line":337,"column":null}},{"start":{},"end":{}}],"line":335},"72":{"loc":{"start":{"line":343,"column":8},"end":{"line":347,"column":null}},"type":"if","locations":[{"start":{"line":343,"column":8},"end":{"line":347,"column":null}},{"start":{},"end":{}}],"line":343},"73":{"loc":{"start":{"line":343,"column":12},"end":{"line":343,"column":32}},"type":"binary-expr","locations":[{"start":{"line":343,"column":12},"end":{"line":343,"column":24}},{"start":{"line":343,"column":24},"end":{"line":343,"column":32}}],"line":343},"74":{"loc":{"start":{"line":345,"column":17},"end":{"line":345,"column":63}},"type":"binary-expr","locations":[{"start":{"line":345,"column":17},"end":{"line":345,"column":35}},{"start":{"line":345,"column":35},"end":{"line":345,"column":52}},{"start":{"line":345,"column":52},"end":{"line":345,"column":63}}],"line":345},"75":{"loc":{"start":{"line":345,"column":70},"end":{"line":345,"column":106}},"type":"binary-expr","locations":[{"start":{"line":345,"column":70},"end":{"line":345,"column":84}},{"start":{"line":345,"column":84},"end":{"line":345,"column":97}},{"start":{"line":345,"column":97},"end":{"line":345,"column":106}}],"line":345},"76":{"loc":{"start":{"line":345,"column":113},"end":{"line":345,"column":153}},"type":"binary-expr","locations":[{"start":{"line":345,"column":113},"end":{"line":345,"column":129}},{"start":{"line":345,"column":129},"end":{"line":345,"column":144}},{"start":{"line":345,"column":144},"end":{"line":345,"column":153}}],"line":345},"77":{"loc":{"start":{"line":350,"column":6},"end":{"line":352,"column":null}},"type":"if","locations":[{"start":{"line":350,"column":6},"end":{"line":352,"column":null}},{"start":{},"end":{}}],"line":350},"78":{"loc":{"start":{"line":351,"column":51},"end":{"line":351,"column":77}},"type":"cond-expr","locations":[{"start":{"line":351,"column":69},"end":{"line":351,"column":75}},{"start":{"line":351,"column":75},"end":{"line":351,"column":77}}],"line":351},"79":{"loc":{"start":{"line":354,"column":73},"end":{"line":354,"column":99}},"type":"cond-expr","locations":[{"start":{"line":354,"column":91},"end":{"line":354,"column":97}},{"start":{"line":354,"column":97},"end":{"line":354,"column":99}}],"line":354},"80":{"loc":{"start":{"line":358,"column":6},"end":{"line":360,"column":null}},"type":"if","locations":[{"start":{"line":358,"column":6},"end":{"line":360,"column":null}},{"start":{},"end":{}}],"line":358},"81":{"loc":{"start":{"line":365,"column":48},"end":{"line":365,"column":86}},"type":"binary-expr","locations":[{"start":{"line":365,"column":48},"end":{"line":365,"column":70}},{"start":{"line":365,"column":70},"end":{"line":365,"column":86}}],"line":365},"82":{"loc":{"start":{"line":371,"column":54},"end":{"line":371,"column":103}},"type":"binary-expr","locations":[{"start":{"line":371,"column":54},"end":{"line":371,"column":73}},{"start":{"line":371,"column":73},"end":{"line":371,"column":91}},{"start":{"line":371,"column":91},"end":{"line":371,"column":103}}],"line":371},"83":{"loc":{"start":{"line":371,"column":139},"end":{"line":371,"column":172}},"type":"cond-expr","locations":[{"start":{"line":371,"column":164},"end":{"line":371,"column":170}},{"start":{"line":371,"column":170},"end":{"line":371,"column":172}}],"line":371},"84":{"loc":{"start":{"line":378,"column":6},"end":{"line":380,"column":null}},"type":"if","locations":[{"start":{"line":378,"column":6},"end":{"line":380,"column":null}},{"start":{},"end":{}}],"line":378},"85":{"loc":{"start":{"line":379,"column":43},"end":{"line":379,"column":69}},"type":"cond-expr","locations":[{"start":{"line":379,"column":61},"end":{"line":379,"column":67}},{"start":{"line":379,"column":67},"end":{"line":379,"column":69}}],"line":379},"86":{"loc":{"start":{"line":379,"column":100},"end":{"line":379,"column":126}},"type":"cond-expr","locations":[{"start":{"line":379,"column":118},"end":{"line":379,"column":124}},{"start":{"line":379,"column":124},"end":{"line":379,"column":126}}],"line":379}},"s":{"0":82,"1":33,"2":2,"3":31,"4":31,"5":77,"6":77,"7":24,"8":7,"9":3,"10":0,"11":3,"12":3,"13":3,"14":21,"15":21,"16":5,"17":3,"18":1,"19":3,"20":48,"21":48,"22":4,"23":44,"24":4,"25":40,"26":3,"27":37,"28":37,"29":3,"30":3,"31":3,"32":34,"33":34,"34":10,"35":10,"36":6,"37":28,"38":28,"39":8,"40":8,"41":4,"42":24,"43":24,"44":3,"45":3,"46":3,"47":21,"48":21,"49":3,"50":3,"51":2,"52":1,"53":1,"54":0,"55":19,"56":19,"57":3,"58":3,"59":3,"60":16,"61":16,"62":4,"63":12,"64":12,"65":0,"66":0,"67":0,"68":12,"69":12,"70":5,"71":5,"72":5,"73":7,"74":9,"75":9,"76":1,"77":8,"78":1,"79":2,"80":1,"81":1,"82":1,"83":1,"84":1,"85":17,"86":1,"87":16,"88":17,"89":17,"90":17,"91":17,"92":2,"93":1,"94":2,"95":1,"96":1,"97":1,"98":1,"99":2,"100":2,"101":1,"102":1,"103":1,"104":1,"105":1,"106":2,"107":1,"108":0,"109":1,"110":1,"111":2,"112":1,"113":1,"114":3,"115":3,"116":3,"117":2,"118":1,"119":3,"120":1,"121":2,"122":2,"123":17,"124":17,"125":2,"126":1,"127":2,"128":1,"129":1,"130":14,"131":15,"132":1,"133":2,"134":1,"135":1,"136":1,"137":1,"138":1,"139":1,"140":1,"141":2,"142":1,"143":1,"144":1,"145":1,"146":1,"147":1,"148":2,"149":1,"150":1,"151":1,"152":1,"153":0,"154":2,"155":1,"156":1,"157":2,"158":4,"159":1,"160":1,"161":2,"162":1,"163":2,"164":1,"165":1},"f":{"0":82,"1":33,"2":3,"3":48,"4":9,"5":17,"6":2,"7":1,"8":2,"9":0,"10":1,"11":2,"12":14,"13":15,"14":1,"15":1,"16":1,"17":2,"18":2,"19":4,"20":1,"21":2},"b":{"0":[2,31],"1":[24,53],"2":[77,53],"3":[0,3],"4":[5,16],"5":[21,16,5],"6":[4,44],"7":[48,46,45],"8":[4,40],"9":[44,42,41],"10":[3,37],"11":[40,39,38],"12":[3,34],"13":[3,0],"14":[10,24],"15":[6,4],"16":[8,20],"17":[28,12],"18":[4,4],"19":[3,21],"20":[3,0],"21":[3,18],"22":[2,1],"23":[3,3],"24":[0,1],"25":[3,16],"26":[3,0],"27":[4,12],"28":[16,13],"29":[0,12],"30":[0,0],"31":[5,7],"32":[5,0],"33":[1,8],"34":[8,2,1,1,1,1,1],"35":[1,1],"36":[2,1],"37":[1,16],"38":[16,2],"39":[17,2],"40":[2,3,3,2,2,2,2],"41":[1,1],"42":[2,1,1],"43":[2,0,0],"44":[2,2],"45":[1,0,0],"46":[1,1],"47":[1,0],"48":[1,0],"49":[1,1],"50":[0,1],"51":[3,0],"52":[3,3],"53":[3,1],"54":[2,1],"55":[1,1],"56":[1,1],"57":[1,0],"58":[1,0],"59":[1,2],"60":[17,0,0],"61":[17,17],"62":[1,1],"63":[2,0,0,0],"64":[1,0],"65":[1,1],"66":[1,0],"67":[1,0,0],"68":[0,1],"69":[0,1],"70":[0,1],"71":[1,1],"72":[1,0],"73":[1,1],"74":[1,0,0],"75":[1,0,0],"76":[1,0,0],"77":[1,0],"78":[0,1],"79":[0,0],"80":[1,1],"81":[4,2],"82":[2,0,0],"83":[1,1],"84":[1,1],"85":[0,1],"86":[0,1]},"meta":{"lastBranch":87,"lastFunction":22,"lastStatement":166,"seen":{"f:9:9:9:19":0,"s:10:2:10:Infinity":0,"f:13:9:13:24":1,"b:14:2:14:Infinity:undefined:undefined:undefined:undefined":0,"s:14:2:14:Infinity":1,"s:14:19:14:Infinity":2,"s:15:21:15:Infinity":3,"s:16:2:21:Infinity":4,"s:17:23:17:Infinity":5,"b:18:4:20:Infinity:undefined:undefined:undefined:undefined":1,"s:18:4:20:Infinity":6,"b:18:8:18:43:18:43:18:95":2,"s:19:6:19:Infinity":7,"s:22:2:22:Infinity":8,"f:25:9:25:28":2,"b:26:2:26:Infinity:undefined:undefined:undefined:undefined":3,"s:26:2:26:Infinity":9,"s:26:19:26:Infinity":10,"s:27:21:27:Infinity":11,"s:28:26:28:Infinity":12,"s:29:2:34:Infinity":13,"s:30:23:30:Infinity":14,"b:31:4:33:Infinity:undefined:undefined:undefined:undefined":4,"s:31:4:33:Infinity":15,"b:31:9:31:44:31:44:31:99:31:99:31:117":5,"s:32:6:32:Infinity":16,"s:35:2:35:Infinity":17,"s:35:27:35:Infinity":18,"s:36:2:36:Infinity":19,"f:39:16:39:40":3,"s:40:21:40:Infinity":20,"b:42:2:44:Infinity:undefined:undefined:undefined:undefined":6,"s:42:2:44:Infinity":21,"b:42:6:42:46:42:46:42:84:42:84:42:121":7,"s:43:4:43:Infinity":22,"b:46:2:48:Infinity:undefined:undefined:undefined:undefined":8,"s:46:2:48:Infinity":23,"b:46:6:46:57:46:57:46:95:46:95:46:134":9,"s:47:4:47:Infinity":24,"b:50:2:52:Infinity:undefined:undefined:undefined:undefined":10,"s:50:2:52:Infinity":25,"b:50:6:50:52:50:52:50:93:50:93:50:129":11,"s:51:4:51:Infinity":26,"s:54:21:54:Infinity":27,"b:55:2:64:Infinity:undefined:undefined:undefined:undefined":12,"s:55:2:64:Infinity":28,"s:56:23:56:Infinity":29,"b:57:4:63:Infinity:undefined:undefined:undefined:undefined":13,"s:57:4:63:Infinity":30,"s:58:6:62:Infinity":31,"s:66:23:66:Infinity":32,"b:67:2:76:Infinity:undefined:undefined:undefined:undefined":14,"s:67:2:76:Infinity":33,"s:68:23:68:Infinity":34,"b:69:4:75:Infinity:undefined:undefined:undefined:undefined":15,"s:69:4:75:Infinity":35,"s:70:6:74:Infinity":36,"s:78:20:78:Infinity":37,"b:79:2:88:Infinity:undefined:undefined:undefined:undefined":16,"s:79:2:88:Infinity":38,"b:79:6:79:19:79:19:79:56":17,"s:80:23:80:Infinity":39,"b:81:4:87:Infinity:undefined:undefined:undefined:undefined":18,"s:81:4:87:Infinity":40,"s:82:6:86:Infinity":41,"s:90:27:90:Infinity":42,"b:91:2:100:Infinity:undefined:undefined:undefined:undefined":19,"s:91:2:100:Infinity":43,"s:92:23:92:Infinity":44,"b:93:4:99:Infinity:undefined:undefined:undefined:undefined":20,"s:93:4:99:Infinity":45,"s:94:6:98:Infinity":46,"s:102:29:102:Infinity":47,"b:103:2:120:Infinity:undefined:undefined:undefined:undefined":21,"s:103:2:120:Infinity":48,"s:104:27:104:Infinity":49,"b:105:4:111:Infinity:undefined:undefined:undefined:undefined":22,"s:105:4:111:Infinity":50,"b:105:8:105:17:105:17:105:24":23,"s:106:6:110:Infinity":51,"s:112:22:112:Infinity":52,"b:113:4:119:Infinity:undefined:undefined:undefined:undefined":24,"s:113:4:119:Infinity":53,"s:114:6:118:Infinity":54,"s:122:22:122:Infinity":55,"b:123:2:132:Infinity:undefined:undefined:undefined:undefined":25,"s:123:2:132:Infinity":56,"s:124:23:124:Infinity":57,"b:125:4:131:Infinity:undefined:undefined:undefined:undefined":26,"s:125:4:131:Infinity":58,"s:126:6:130:Infinity":59,"s:134:29:134:Infinity":60,"b:135:2:140:Infinity:undefined:undefined:undefined:undefined":27,"s:135:2:140:Infinity":61,"b:135:6:135:28:135:28:135:67":28,"s:136:4:139:Infinity":62,"s:142:23:142:Infinity":63,"b:143:2:152:Infinity:undefined:undefined:undefined:undefined":29,"s:143:2:152:Infinity":64,"s:144:23:144:Infinity":65,"b:145:4:151:Infinity:undefined:undefined:undefined:undefined":30,"s:145:4:151:Infinity":66,"s:146:6:150:Infinity":67,"s:154:20:154:Infinity":68,"b:155:2:164:Infinity:undefined:undefined:undefined:undefined":31,"s:155:2:164:Infinity":69,"s:156:23:156:Infinity":70,"b:157:4:163:Infinity:undefined:undefined:undefined:undefined":32,"s:157:4:163:Infinity":71,"s:158:6:162:Infinity":72,"s:166:2:166:Infinity":73,"f:169:16:169:44":4,"s:174:50:174:Infinity":74,"b:176:2:182:Infinity:undefined:undefined:undefined:undefined":33,"s:176:2:182:Infinity":75,"s:177:4:181:Infinity":76,"b:185:4:190:Infinity:191:4:196:Infinity:197:4:202:Infinity:203:4:208:Infinity:209:4:214:Infinity:215:4:220:Infinity:221:4:226:Infinity":34,"s:184:2:227:Infinity":77,"s:186:6:190:Infinity":78,"s:192:6:196:Infinity":79,"b:195:48:195:80:195:80:195:Infinity":35,"b:195:8:195:23:195:23:195:48":36,"s:198:6:202:Infinity":80,"s:204:6:208:Infinity":81,"s:210:6:214:Infinity":82,"s:216:6:220:Infinity":83,"s:222:6:226:Infinity":84,"f:230:16:230:Infinity":5,"b:237:2:239:Infinity:undefined:undefined:undefined:undefined":37,"s:237:2:239:Infinity":85,"s:238:4:238:Infinity":86,"s:241:16:241:Infinity":87,"b:241:16:241:38:241:38:241:Infinity":38,"s:242:16:242:Infinity":88,"b:242:16:242:38:242:38:242:Infinity":39,"s:243:20:243:Infinity":89,"s:244:20:244:Infinity":90,"b:247:4:281:Infinity:283:4:291:Infinity:293:4:316:Infinity:318:4:332:Infinity:334:4:355:Infinity:357:4:375:Infinity:377:4:382:Infinity":40,"s:246:2:383:Infinity":91,"b:248:6:253:Infinity:undefined:undefined:undefined:undefined":41,"s:248:6:253:Infinity":92,"b:248:10:248:29:248:29:248:48:248:48:248:60":42,"s:249:30:251:Infinity":93,"f:250:15:250:16":6,"s:250:34:250:56":94,"s:252:8:252:Infinity":95,"s:255:49:255:Infinity":96,"s:256:53:256:Infinity":97,"s:257:6:260:Infinity":98,"s:258:21:258:Infinity":99,"b:258:21:258:35:258:35:258:48:258:48:258:Infinity":43,"s:259:8:259:Infinity":100,"b:259:28:259:48:259:48:259:53":44,"s:261:6:264:Infinity":101,"s:262:21:262:Infinity":102,"b:262:21:262:35:262:35:262:48:262:48:262:Infinity":45,"s:263:8:263:Infinity":103,"b:263:32:263:56:263:56:263:61":46,"s:266:23:269:Infinity":104,"f:267:14:267:15":7,"s:267:24:267:35":105,"f:268:13:268:14":8,"s:268:32:268:54":106,"s:271:23:274:Infinity":107,"f:272:14:272:15":9,"s:272:24:272:35":108,"f:273:13:273:14":10,"s:273:32:273:54":109,"s:276:21:276:Infinity":110,"b:276:67:276:73:276:73:276:75":47,"b:276:163:276:169:276:169:276:171":48,"b:277:6:279:Infinity:undefined:undefined:undefined:undefined":49,"s:277:6:279:Infinity":111,"s:278:8:278:Infinity":112,"b:278:73:278:79:278:79:278:81":50,"s:280:6:280:Infinity":113,"b:284:6:289:Infinity:undefined:undefined:undefined:undefined":51,"s:284:6:289:Infinity":114,"b:284:10:284:29:284:29:284:46":52,"s:285:27:285:Infinity":115,"b:285:27:285:49:285:49:285:Infinity":53,"b:286:8:288:Infinity:undefined:undefined:undefined:undefined":54,"s:286:8:288:Infinity":116,"s:287:10:287:Infinity":117,"b:287:45:287:52:287:52:287:57":55,"b:287:102:287:108:287:108:287:110":56,"s:290:6:290:Infinity":118,"b:290:59:290:65:290:65:290:67":57,"b:290:116:290:122:290:122:290:124":58,"b:294:6:296:Infinity:undefined:undefined:undefined:undefined":59,"s:294:6:296:Infinity":119,"s:295:8:295:Infinity":120,"s:298:49:298:Infinity":121,"s:299:6:302:Infinity":122,"s:300:21:300:Infinity":123,"b:300:21:300:35:300:35:300:48:300:48:300:Infinity":60,"s:301:8:301:Infinity":124,"b:301:28:301:48:301:48:301:53":61,"b:304:6:309:Infinity:undefined:undefined:undefined:undefined":62,"s:304:6:309:Infinity":125,"s:305:25:307:Infinity":126,"f:306:15:306:16":11,"s:306:41:306:105":127,"b:306:56:306:70:306:70:306:83:306:83:306:94:306:94:306:103":63,"s:308:8:308:Infinity":128,"b:308:61:308:67:308:67:308:69":64,"s:311:23:314:Infinity":129,"f:312:14:312:15":12,"s:312:24:312:35":130,"f:313:13:313:14":13,"s:313:32:313:54":131,"s:315:6:315:Infinity":132,"b:319:6:321:Infinity:undefined:undefined:undefined:undefined":65,"s:319:6:321:Infinity":133,"s:320:8:320:Infinity":134,"s:323:29:329:Infinity":135,"f:324:13:324:14":14,"s:325:30:325:Infinity":136,"f:325:43:325:44":15,"s:325:55:325:93":137,"b:325:55:325:77:325:77:325:93":66,"s:326:28:326:Infinity":138,"s:327:10:327:Infinity":139,"b:327:32:327:46:327:46:327:59:327:59:327:66":67,"b:327:113:327:119:327:119:327:121":68,"s:331:6:331:Infinity":140,"b:331:59:331:65:331:65:331:67":69,"b:331:117:331:123:331:123:331:125":70,"b:335:6:337:Infinity:undefined:undefined:undefined:undefined":71,"s:335:6:337:Infinity":141,"s:336:8:336:Infinity":142,"s:339:42:339:Infinity":143,"s:340:6:348:Infinity":144,"s:341:25:341:Infinity":145,"f:341:36:341:37":16,"s:341:48:341:66":146,"s:342:23:342:Infinity":147,"f:342:34:342:35":17,"s:342:46:342:62":148,"b:343:8:347:Infinity:undefined:undefined:undefined:undefined":72,"s:343:8:347:Infinity":149,"b:343:12:343:24:343:24:343:32":73,"s:344:10:346:Infinity":150,"b:345:17:345:35:345:35:345:52:345:52:345:63":74,"b:345:70:345:84:345:84:345:97:345:97:345:106":75,"b:345:113:345:129:345:129:345:144:345:144:345:153":76,"b:350:6:352:Infinity:undefined:undefined:undefined:undefined":77,"s:350:6:352:Infinity":151,"s:351:8:351:Infinity":152,"b:351:69:351:75:351:75:351:77":78,"s:354:6:354:Infinity":153,"b:354:91:354:97:354:97:354:99":79,"b:358:6:360:Infinity:undefined:undefined:undefined:undefined":80,"s:358:6:360:Infinity":154,"s:359:8:359:Infinity":155,"s:362:21:368:Infinity":156,"f:363:13:363:14":18,"s:363:29:366:10":157,"f:365:36:365:37":19,"s:365:48:365:86":158,"b:365:48:365:70:365:70:365:86":81,"f:367:14:367:15":20,"s:367:24:367:53":159,"s:370:22:372:Infinity":160,"f:371:13:371:14":21,"s:371:39:371:174":161,"b:371:54:371:73:371:73:371:91:371:91:371:103":82,"b:371:164:371:170:371:170:371:172":83,"s:374:6:374:Infinity":162,"b:378:6:380:Infinity:undefined:undefined:undefined:undefined":84,"s:378:6:380:Infinity":163,"s:379:8:379:Infinity":164,"b:379:61:379:67:379:67:379:69":85,"b:379:118:379:124:379:124:379:126":86,"s:381:6:381:Infinity":165}}}
,"/Users/prabhatranjan/.superset/worktrees/sensibledb/shelled-rubidium/sensibledb-explorer/src/frontend/src/stores/app.ts": {"path":"/Users/prabhatranjan/.superset/worktrees/sensibledb/shelled-rubidium/sensibledb-explorer/src/frontend/src/stores/app.ts","statementMap":{"0":{"start":{"line":4,"column":35},"end":{"line":4,"column":null}},"1":{"start":{"line":5,"column":37},"end":{"line":5,"column":null}},"2":{"start":{"line":6,"column":29},"end":{"line":6,"column":null}},"3":{"start":{"line":7,"column":29},"end":{"line":7,"column":null}},"4":{"start":{"line":8,"column":43},"end":{"line":8,"column":null}},"5":{"start":{"line":9,"column":43},"end":{"line":9,"column":null}},"6":{"start":{"line":10,"column":31},"end":{"line":10,"column":null}},"7":{"start":{"line":11,"column":37},"end":{"line":11,"column":null}},"8":{"start":{"line":12,"column":29},"end":{"line":12,"column":null}},"9":{"start":{"line":13,"column":39},"end":{"line":13,"column":null}},"10":{"start":{"line":22,"column":43},"end":{"line":22,"column":null}},"11":{"start":{"line":23,"column":45},"end":{"line":23,"column":null}},"12":{"start":{"line":33,"column":41},"end":{"line":33,"column":null}},"13":{"start":{"line":41,"column":49},"end":{"line":41,"column":null}}},"fnMap":{},"branchMap":{},"s":{"0":4,"1":4,"2":4,"3":4,"4":4,"5":4,"6":4,"7":4,"8":4,"9":4,"10":4,"11":4,"12":4,"13":4},"f":{},"b":{},"meta":{"lastBranch":0,"lastFunction":0,"lastStatement":14,"seen":{"s:4:35:4:Infinity":0,"s:5:37:5:Infinity":1,"s:6:29:6:Infinity":2,"s:7:29:7:Infinity":3,"s:8:43:8:Infinity":4,"s:9:43:9:Infinity":5,"s:10:31:10:Infinity":6,"s:11:37:11:Infinity":7,"s:12:29:12:Infinity":8,"s:13:39:13:Infinity":9,"s:22:43:22:Infinity":10,"s:23:45:23:Infinity":11,"s:33:41:33:Infinity":12,"s:41:49:41:Infinity":13}}}
,"/Users/prabhatranjan/.superset/worktrees/sensibledb/shelled-rubidium/sensibledb-explorer/src/frontend/src/test/setup.ts": {"path":"/Users/prabhatranjan/.superset/worktrees/sensibledb/shelled-rubidium/sensibledb-explorer/src/frontend/src/test/setup.ts","statementMap":{"0":{"start":{"line":5,"column":0},"end":{"line":7,"column":null}},"1":{"start":{"line":5,"column":39},"end":{"line":7,"column":2}},"2":{"start":{"line":1,"column":0},"end":{"line":1,"column":null}},"3":{"start":{"line":2,"column":0},"end":{"line":2,"column":null}},"4":{"start":{"line":9,"column":0},"end":{"line":9,"column":null}}},"fnMap":{"0":{"name":"(anonymous_0)","decl":{"start":{"line":5,"column":32},"end":{"line":5,"column":39}},"loc":{"start":{"line":5,"column":39},"end":{"line":7,"column":2}},"line":5}},"branchMap":{},"s":{"0":0,"1":0,"2":0,"3":0,"4":0},"f":{"0":0},"b":{},"meta":{"lastBranch":0,"lastFunction":1,"lastStatement":5,"seen":{"s:5:0:7:Infinity":0,"f:5:32:5:39":0,"s:5:39:7:2":1,"s:1:0:1:Infinity":2,"s:2:0:2:Infinity":3,"s:9:0:9:Infinity":4}}}
}
